 U  all electron calculation  
 ---------------------------

 r e l a t i v i s t i c ! !

 correlation = NIST         non spin-polarized

 nuclear charge             = 92.000000
 number of core orbitals    = 16
 number of valence orbitals = 31
 electronic charge          = 92.000000
 ionic charge               =  0.000000


 input data for orbitals

  i    n    l    s     j     occ

  1    1    0   0.5   0.5    2.0000
  2    2    0   0.5   0.5    2.0000
  3    2    1  -0.5   0.5    2.0000
  4    2    1   0.5   1.5    4.0000
  5    3    0   0.5   0.5    2.0000
  6    3    1  -0.5   0.5    2.0000
  7    3    1   0.5   1.5    4.0000
  8    3    2  -0.5   1.5    4.0000
  9    3    2   0.5   2.5    6.0000
 10    4    0   0.5   0.5    2.0000
 11    4    1  -0.5   0.5    2.0000
 12    4    1   0.5   1.5    4.0000
 13    4    2  -0.5   1.5    4.0000
 14    4    2   0.5   2.5    6.0000
 15    4    3  -0.5   2.5    6.0000
 16    4    3   0.5   3.5    8.0000
 17    5    0   0.5   0.5    2.0000
 18    6    0   0.5   0.5    2.0000
 19    7    0   0.5   0.5    2.0000
 20    8    0   0.5   0.5    0.0000
 21    9    0   0.5   0.5    0.0000
 22    5    1  -0.5   0.5    2.0000
 23    5    1   0.5   1.5    4.0000
 24    6    1  -0.5   0.5    2.0000
 25    6    1   0.5   1.5    4.0000
 26    7    1  -0.5   0.5    0.0000
 27    7    1   0.5   1.5    0.0000
 28    8    1  -0.5   0.5    0.0000
 29    8    1   0.5   1.5    0.0000
 30    9    1  -0.5   0.5    0.0000
 31    9    1   0.5   1.5    0.0000
 32    5    2  -0.5   1.5    4.0000
 33    5    2   0.5   2.5    6.0000
 34    6    2  -0.5   1.5    0.4000
 35    6    2   0.5   2.5    0.6000
 36    7    2  -0.5   1.5    0.0000
 37    7    2   0.5   2.5    0.0000
 38    8    2  -0.5   1.5    0.0000
 39    8    2   0.5   2.5    0.0000
 40    5    3  -0.5   2.5    1.2857
 41    5    3   0.5   3.5    1.7143
 42    6    3  -0.5   2.5    0.0000
 43    6    3   0.5   3.5    0.0000
 44    7    3  -0.5   2.5    0.0000
 45    7    3   0.5   3.5    0.0000
 46    5    4  -0.5   3.5    0.0000
 47    5    4   0.5   4.5    0.0000


 radial grid parameters

 r(1) = .0 , r(2) =0.304909E-07 , ... , r(1946) = 39.87773160
 a =  8.00072660  b =120.00000000


 warning *** charge density rescaled in velect
 iteration number   1   scaling factor =  1.00    

 iter =    1 dvmax = 0.420E+00 xmixo =0.218E+00
 iter =    2 dvmax = 0.351E+00 xmixo =0.218E+00
 iter =    3 dvmax = 0.263E+00 xmixo =0.218E+00
 iter =    4 dvmax = 0.193E+00 xmixo =0.218E+00
 iorb = 44 iter =  5 ev = -0.1512069333E+02 nodes =15
 iorb = 44 iter =  5 ev = -0.1360862399E+02 nodes = 2
 iorb = 45 iter =  5 ev = -0.1511987830E+02 nodes =15
 iorb = 45 iter =  5 ev = -0.1360789047E+02 nodes = 2
 iter =    5 dvmax = 0.140E+00 xmixo =0.218E+00
 iorb = 30 iter =  6 ev = -0.1368981806E+02 nodes = 6
 iorb = 30 iter =  6 ev = -0.1505879987E+02 nodes =19
 iorb = 38 iter =  6 ev = -0.1368417013E+02 nodes = 4
 iorb = 38 iter =  6 ev = -0.1505258714E+02 nodes =17
 iorb = 39 iter =  6 ev = -0.1368441367E+02 nodes = 4
 iorb = 39 iter =  6 ev = -0.1505285503E+02 nodes =17
 iter =    6 dvmax = 0.992E-01 xmixo =0.218E+00
 iorb = 30 iter =  7 ev = -0.1512195472E+02 nodes =18
 iorb = 30 iter =  7 ev = -0.1360975925E+02 nodes = 6
 iorb = 37 iter =  7 ev = -0.1441421552E+02 nodes = 3
 iorb = 37 iter =  7 ev = -0.1585563707E+02 nodes =12
 iorb = 38 iter =  7 ev = -0.1511571594E+02 nodes =16
 iorb = 38 iter =  7 ev = -0.1360414435E+02 nodes = 4
 iorb = 39 iter =  7 ev = -0.1511598496E+02 nodes =16
 iorb = 39 iter =  7 ev = -0.1360438646E+02 nodes = 4
 iter =    7 dvmax = 0.700E-01 xmixo =0.218E+00
 iorb = 30 iter =  8 ev = -0.1366683700E+02 nodes = 5
 iorb = 30 iter =  8 ev = -0.1503352070E+02 nodes =18
 iorb = 38 iter =  8 ev = -0.1366119855E+02 nodes = 3
 iorb = 38 iter =  8 ev = -0.1502731840E+02 nodes =17
 iorb = 39 iter =  8 ev = -0.1366144168E+02 nodes = 3
 iorb = 39 iter =  8 ev = -0.1502758585E+02 nodes =17
 iter =    8 dvmax = 0.539E-01 xmixo =0.218E+00
 iorb = 29 iter =  9 ev = -0.1500277183E+02 nodes = 6
 iorb = 29 iter =  9 ev = -0.1500313939E+02 nodes = 6
 iorb = 30 iter =  9 ev = -0.1509656954E+02 nodes =18
 iorb = 30 iter =  9 ev = -0.1358691258E+02 nodes = 6
 iorb = 38 iter =  9 ev = -0.1509034123E+02 nodes =16
 iorb = 38 iter =  9 ev = -0.1358130710E+02 nodes = 4
 iorb = 39 iter =  9 ev = -0.1509060979E+02 nodes =16
 iorb = 39 iter =  9 ev = -0.1358154881E+02 nodes = 4
 iter =    9 dvmax = 0.527E-01 xmixo =0.218E+00
 iorb = 29 iter = 10 ev = -0.1500360521E+02 nodes = 6
 iorb = 29 iter = 10 ev = -0.1500381329E+02 nodes = 6
 iorb = 30 iter = 10 ev = -0.1364389451E+02 nodes = 5
 iorb = 30 iter = 10 ev = -0.1500828396E+02 nodes =18
 iorb = 38 iter = 10 ev = -0.1363826553E+02 nodes = 4
 iorb = 38 iter = 10 ev = -0.1500209208E+02 nodes =17
 iorb = 39 iter = 10 ev = -0.1363850825E+02 nodes = 3
 iorb = 39 iter = 10 ev = -0.1500235908E+02 nodes =17
 iter =   10 dvmax = 0.469E-01 xmixo =0.218E+00
 iorb = 38 iter = 11 ev = -0.1506500911E+02 nodes =16
 iorb = 38 iter = 11 ev = -0.1355850820E+02 nodes = 4
 iorb = 39 iter = 11 ev = -0.1506527723E+02 nodes =16
 iorb = 39 iter = 11 ev = -0.1355874950E+02 nodes = 4
 iter =   11 dvmax = 0.402E-01 xmixo =0.218E+00
 iter =   12 dvmax = 0.337E-01 xmixo =0.218E+00
 iter =   13 dvmax = 0.278E-01 xmixo =0.218E+00
 iter =   14 dvmax = 0.227E-01 xmixo =0.218E+00
 iter =   15 dvmax = 0.183E-01 xmixo =0.218E+00
 iter =   16 dvmax = 0.148E-01 xmixo =0.218E+00
 iter =   17 dvmax = 0.118E-01 xmixo =0.218E+00
 iter =   18 dvmax = 0.945E-02 xmixo =0.218E+00
 iter =   19 dvmax = 0.752E-02 xmixo =0.218E+00
 iter =   20 dvmax = 0.598E-02 xmixo =0.218E+00
 iter =   21 dvmax = 0.475E-02 xmixo =0.218E+00
 iter =   22 dvmax = 0.376E-02 xmixo =0.218E+00
 iter =   23 dvmax = 0.298E-02 xmixo =0.218E+00
 iter =   24 dvmax = 0.236E-02 xmixo =0.218E+00
 iter =   25 dvmax = 0.186E-02 xmixo =0.218E+00
 iter =   26 dvmax = 0.147E-02 xmixo =0.218E+00
 iter =   27 dvmax = 0.116E-02 xmixo =0.218E+00
 iter =   28 dvmax = 0.917E-03 xmixo =0.218E+00
 iter =   29 dvmax = 0.723E-03 xmixo =0.218E+00
 Switching from LDA to the requested functional
 iter =   30 dvmax = 0.381E+00 xmixo =0.174E+00
 iter =   31 dvmax = 0.315E+00 xmixo =0.174E+00
 iter =   32 dvmax = 0.260E+00 xmixo =0.174E+00
 iter =   33 dvmax = 0.214E+00 xmixo =0.174E+00
 iter =   34 dvmax = 0.177E+00 xmixo =0.174E+00
 iter =   35 dvmax = 0.146E+00 xmixo =0.174E+00
 iter =   36 dvmax = 0.121E+00 xmixo =0.174E+00
 iter =   37 dvmax = 0.995E-01 xmixo =0.174E+00
 iter =   38 dvmax = 0.821E-01 xmixo =0.174E+00
 iter =   39 dvmax = 0.677E-01 xmixo =0.174E+00
 iter =   40 dvmax = 0.559E-01 xmixo =0.174E+00
 iter =   41 dvmax = 0.461E-01 xmixo =0.174E+00
 iter =   42 dvmax = 0.381E-01 xmixo =0.174E+00
 iter =   43 dvmax = 0.314E-01 xmixo =0.174E+00
 iter =   44 dvmax = 0.259E-01 xmixo =0.174E+00
 iter =   45 dvmax = 0.214E-01 xmixo =0.174E+00
 iter =   46 dvmax = 0.176E-01 xmixo =0.174E+00
 iter =   47 dvmax = 0.146E-01 xmixo =0.174E+00
 iter =   48 dvmax = 0.120E-01 xmixo =0.174E+00
 iter =   49 dvmax = 0.991E-02 xmixo =0.174E+00
 iter =   50 dvmax = 0.818E-02 xmixo =0.174E+00
 iter =   51 dvmax = 0.675E-02 xmixo =0.174E+00
 iter =   52 dvmax = 0.557E-02 xmixo =0.174E+00
 iter =   53 dvmax = 0.460E-02 xmixo =0.174E+00
 iter =   54 dvmax = 0.379E-02 xmixo =0.174E+00
 iter =   55 dvmax = 0.313E-02 xmixo =0.174E+00
 iter =   56 dvmax = 0.258E-02 xmixo =0.174E+00
 iter =   57 dvmax = 0.213E-02 xmixo =0.174E+00
 iter =   58 dvmax = 0.176E-02 xmixo =0.174E+00
 iter =   59 dvmax = 0.145E-02 xmixo =0.174E+00
 iter =   60 dvmax = 0.120E-02 xmixo =0.174E+00
 iter =   61 dvmax = 0.988E-03 xmixo =0.174E+00
 iter =   62 dvmax = 0.816E-03 xmixo =0.174E+00
 iter =   63 dvmax = 0.673E-03 xmixo =0.174E+00
 iter =   64 dvmax = 0.555E-03 xmixo =0.174E+00
 iter =   65 dvmax = 0.458E-03 xmixo =0.174E+00
 iter =   66 dvmax = 0.378E-03 xmixo =0.174E+00
 iter =   67 dvmax = 0.312E-03 xmixo =0.174E+00
 iter =   68 dvmax = 0.258E-03 xmixo =0.174E+00
 iter =   69 dvmax = 0.213E-03 xmixo =0.174E+00
 iter =   70 dvmax = 0.175E-03 xmixo =0.174E+00
 iter =   71 dvmax = 0.145E-03 xmixo =0.174E+00
 iter =   72 dvmax = 0.119E-03 xmixo =0.174E+00
 iter =   73 dvmax = 0.986E-04 xmixo =0.174E+00
 iter =   74 dvmax = 0.814E-04 xmixo =0.174E+00
 iter =   75 dvmax = 0.672E-04 xmixo =0.174E+00
 iter =   76 dvmax = 0.554E-04 xmixo =0.174E+00
 iter =   77 dvmax = 0.457E-04 xmixo =0.174E+00
 iter =   78 dvmax = 0.377E-04 xmixo =0.174E+00
 iter =   79 dvmax = 0.312E-04 xmixo =0.174E+00
 iter =   80 dvmax = 0.257E-04 xmixo =0.174E+00
 iter =   81 dvmax = 0.212E-04 xmixo =0.174E+00
 iter =   82 dvmax = 0.175E-04 xmixo =0.174E+00
 iter =   83 dvmax = 0.145E-04 xmixo =0.174E+00
 iter =   84 dvmax = 0.119E-04 xmixo =0.174E+00
 iter =   85 dvmax = 0.984E-05 xmixo =0.174E+00
 iter =   86 dvmax = 0.812E-05 xmixo =0.174E+00
 iter =   87 dvmax = 0.671E-05 xmixo =0.174E+00
 iter =   88 dvmax = 0.553E-05 xmixo =0.174E+00
 iter =   89 dvmax = 0.457E-05 xmixo =0.174E+00
 iter =   90 dvmax = 0.377E-05 xmixo =0.174E+00
 iter =   91 dvmax = 0.311E-05 xmixo =0.174E+00
 iter =   92 dvmax = 0.257E-05 xmixo =0.174E+00
 iter =   93 dvmax = 0.212E-05 xmixo =0.174E+00
 iter =   94 dvmax = 0.175E-05 xmixo =0.174E+00
 iter =   95 dvmax = 0.144E-05 xmixo =0.174E+00
 iter =   96 dvmax = 0.119E-05 xmixo =0.174E+00
 iter =   97 dvmax = 0.983E-06 xmixo =0.174E+00
 iter =   98 dvmax = 0.812E-06 xmixo =0.174E+00
 iter =   99 dvmax = 0.670E-06 xmixo =0.174E+00
 iter =  100 dvmax = 0.553E-06 xmixo =0.174E+00
 iter =  101 dvmax = 0.456E-06 xmixo =0.174E+00
 iter =  102 dvmax = 0.377E-06 xmixo =0.174E+00
 iter =  103 dvmax = 0.311E-06 xmixo =0.174E+00
 iter =  104 dvmax = 0.257E-06 xmixo =0.174E+00
 iter =  105 dvmax = 0.212E-06 xmixo =0.174E+00
 iter =  106 dvmax = 0.175E-06 xmixo =0.174E+00
 iter =  107 dvmax = 0.144E-06 xmixo =0.174E+00
 iter =  108 dvmax = 0.119E-06 xmixo =0.174E+00
 iter =  109 dvmax = 0.983E-07 xmixo =0.174E+00
 iter =  110 dvmax = 0.811E-07 xmixo =0.174E+00
 iter =  111 dvmax = 0.669E-07 xmixo =0.174E+00
 iter =  112 dvmax = 0.553E-07 xmixo =0.174E+00
 iter =  113 dvmax = 0.456E-07 xmixo =0.174E+00
 iter =  114 dvmax = 0.376E-07 xmixo =0.174E+00
 iter =  115 dvmax = 0.311E-07 xmixo =0.174E+00
 iter =  116 dvmax = 0.256E-07 xmixo =0.174E+00
 iter =  117 dvmax = 0.212E-07 xmixo =0.174E+00
 iter =  118 dvmax = 0.175E-07 xmixo =0.174E+00
 iter =  119 dvmax = 0.144E-07 xmixo =0.174E+00
 iter =  120 dvmax = 0.119E-07 xmixo =0.174E+00
 iter =  121 dvmax = 0.982E-08 xmixo =0.174E+00
 iter =  122 dvmax = 0.811E-08 xmixo =0.174E+00
 iter =  123 dvmax = 0.669E-08 xmixo =0.174E+00
 iter =  124 dvmax = 0.552E-08 xmixo =0.174E+00
 iter =  125 dvmax = 0.456E-08 xmixo =0.174E+00
 iter =  126 dvmax = 0.376E-08 xmixo =0.174E+00
 iter =  127 dvmax = 0.311E-08 xmixo =0.174E+00
 iter =  128 dvmax = 0.256E-08 xmixo =0.174E+00
 iter =  129 dvmax = 0.212E-08 xmixo =0.174E+00
 iter =  130 dvmax = 0.175E-08 xmixo =0.174E+00
 iter =  131 dvmax = 0.144E-08 xmixo =0.174E+00
 iter =  132 dvmax = 0.119E-08 xmixo =0.174E+00
 iter =  133 dvmax = 0.982E-09 xmixo =0.174E+00
 iter =  134 dvmax = 0.811E-09 xmixo =0.174E+00
 iter =  135 dvmax = 0.669E-09 xmixo =0.174E+00
 iter =  136 dvmax = 0.553E-09 xmixo =0.174E+00
 iter =  137 dvmax = 0.456E-09 xmixo =0.174E+00
 iter =  138 dvmax = 0.376E-09 xmixo =0.174E+00
 iter =  139 dvmax = 0.311E-09 xmixo =0.174E+00
 iter =  140 dvmax = 0.257E-09 xmixo =0.174E+00
 iter =  141 dvmax = 0.212E-09 xmixo =0.174E+00
 iter =  142 dvmax = 0.175E-09 xmixo =0.174E+00
 iter =  143 dvmax = 0.144E-09 xmixo =0.174E+00
 iter =  144 dvmax = 0.119E-09 xmixo =0.174E+00
 iter =  145 dvmax = 0.983E-10 xmixo =0.174E+00
 iter =  146 dvmax = 0.811E-10 xmixo =0.174E+00
 iter =  147 dvmax = 0.670E-10 xmixo =0.174E+00
 iter =  148 dvmax = 0.553E-10 xmixo =0.174E+00
 iter =  149 dvmax = 0.456E-10 xmixo =0.174E+00
 iter =  150 dvmax = 0.377E-10 xmixo =0.174E+00
 iter =  151 dvmax = 0.311E-10 xmixo =0.174E+00
 iter =  152 dvmax = 0.257E-10 xmixo =0.174E+00
 iter =  153 dvmax = 0.212E-10 xmixo =0.174E+00
 iter =  154 dvmax = 0.175E-10 xmixo =0.174E+00
 iter =  155 dvmax = 0.144E-10 xmixo =0.174E+00
 iter =  156 dvmax = 0.119E-10 xmixo =0.174E+00
 iter =  157 dvmax = 0.984E-11 xmixo =0.174E+00
 warning: ircov > ninf ! (ircov set to ninf)

 rcov         =    2.6800000000000002     
 charge(rcov) = int_0^rcov g^2 r^2 dr   +  int_0^infinity f^2 r^2 dr
 dcharge      = int_0^infinity (f^2+g^2) r^4 dr 
 ddcharge     = int_0^infinity (f^2+g^2) r^6 dr 

 nl   s    occ    eigenvalue   charge(rcov)    dcharge    ddcharge
 1s 0.5   2.000-0.4223418E+04 0.1000000E+01 0.26395E-03 0.19905E-06
     r extr       0.01
 2s 0.5   2.000-0.7894897E+03 0.1000000E+01 0.38879E-02 0.27002E-04
     r extr       0.01   0.05
 2p-0.5   2.000-0.7613745E+03 0.1000000E+01 0.26818E-02 0.15471E-04
     r extr       0.04
 2p 0.5   4.000-0.6228481E+03 0.1000000E+01 0.38446E-02 0.29043E-04
     r extr       0.04
 3s 0.5   2.000-0.1994298E+03 0.1000000E+01 0.25124E-01 0.95886E-03
     r extr       0.01   0.04   0.14
 3p-0.5   2.000-0.1866637E+03 0.1000000E+01 0.22571E-01 0.81339E-03
     r extr       0.03   0.13
 3p 0.5   4.000-0.1547010E+03 0.1000000E+01 0.28681E-01 0.12873E-02
     r extr       0.03   0.14
 3d-0.5   4.000-0.1345412E+03 0.1000000E+01 0.21488E-01 0.81260E-03
     r extr       0.11
 3d 0.5   6.000-0.1280167E+03 0.1000000E+01 0.23115E-01 0.92724E-03
     r extr       0.12
 4s 0.5   2.000-0.5078894E+02 0.1000000E+01 0.11652E+00 0.19474E-01
     r extr       0.01   0.04   0.11   0.31
 4p-0.5   2.000-0.4503717E+02 0.1000000E+01 0.11621E+00 0.19828E-01
     r extr       0.02   0.10   0.30
 4p 0.5   4.000-0.3668861E+02 0.1000000E+01 0.14383E+00 0.30171E-01
     r extr       0.03   0.12   0.34
 4d-0.5   4.000-0.2752931E+02 0.1000000E+01 0.14301E+00 0.31581E-01
     r extr       0.09   0.32
 4d 0.5   6.000-0.2598543E+02 0.1000000E+01 0.15181E+00 0.35481E-01
     r extr       0.09   0.33
 4f-0.5   6.000-0.1388951E+02 0.1000000E+01 0.14536E+00 0.37808E-01
     r extr       0.28
 4f 0.5   8.000-0.1348547E+02 0.1000000E+01 0.14972E+00 0.40015E-01
     r extr       0.29
 5s 0.5   2.000-0.1129559E+02 0.1000000E+01 0.50055E+00 0.35170E+00
     r extr       0.01   0.04   0.11   0.26   0.64
 6s 0.5   2.000-0.1748040E+01 0.9834158E+00 0.24357E+01 0.85319E+01
     r extr       0.01   0.04   0.11   0.25   0.54   1.35
 7s 0.5   2.000-0.1609473E+00 0.1337250E+00 0.18501E+02 0.52923E+03
     r extr       0.01   0.04   0.11   0.25   0.54   1.18   3.47
 8s 0.5   0.000-0.3544473E-02 0.1186375E-01 0.23089E+03 0.10125E+06
     r extr       0.01   0.04   0.11   0.25   0.54   1.17   3.01  10.41
 9s 0.5   0.000 0.2935931E-02 0.2954238E-02 0.97596E+03 0.11563E+07
     r extr       0.01   0.04   0.11   0.25   0.54   1.17   3.00   9.52  38.57
 5p-0.5   2.000-0.9057964E+01 0.9999998E+00 0.54426E+00 0.42336E+00
     r extr       0.02   0.10   0.25   0.65
 5p 0.5   4.000-0.7069296E+01 0.9999979E+00 0.67487E+00 0.65180E+00
     r extr       0.03   0.11   0.28   0.73
 6p-0.5   2.000-0.1101119E+01 0.9518444E+00 0.30760E+01 0.14117E+02
     r extr       0.02   0.10   0.25   0.56   1.48
 6p 0.5   4.000-0.7757842E+00 0.8854926E+00 0.40591E+01 0.24976E+02
     r extr       0.03   0.11   0.28   0.63   1.67
 7p-0.5   0.000-0.6205149E-01 0.4767751E-01 0.32465E+02 0.17305E+04
     r extr       0.02   0.10   0.25   0.55   1.30   4.43
 7p 0.5   0.000-0.3999955E-01 0.3223481E-01 0.44502E+02 0.32876E+04
     r extr       0.03   0.11   0.28   0.62   1.48   5.18
 8p-0.5   0.000 0.2245684E-02 0.3697215E-03 0.91743E+03 0.10094E+07
     r extr       0.02   0.10   0.25   0.55   1.29   3.87  38.57
 8p 0.5   0.000 0.2435360E-02 0.2722316E-03 0.95402E+03 0.10659E+07
     r extr       0.03   0.11   0.28   0.62   1.47   4.57  38.57
 9p-0.5   0.000 0.1060797E-01 0.3015640E-02 0.62277E+03 0.65993E+06
     r extr       0.02   0.10   0.25   0.55   1.29   3.82  15.51  38.57
 9p 0.5   0.000 0.1222200E-01 0.2414791E-02 0.64831E+03 0.68020E+06
     r extr       0.03   0.11   0.28   0.62   1.47   4.48  17.20  38.57
 5d-0.5   4.000-0.3797416E+01 0.9999279E+00 0.85744E+00 0.11128E+01
     r extr       0.08   0.27   0.78
 5d 0.5   6.000-0.3501217E+01 0.9998809E+00 0.91421E+00 0.12674E+01
     r extr       0.09   0.28   0.81
 6d-0.5   0.400-0.1030408E+00 0.4319227E+00 0.11803E+02 0.27245E+03
     r extr       0.08   0.26   0.68   2.35
 6d 0.5   0.600-0.8480203E-01 0.3744896E+00 0.13560E+02 0.36481E+03
     r extr       0.09   0.27   0.70   2.48
 7d-0.5   0.000 0.4861714E-02 0.1886039E-03 0.10156E+04 0.11749E+07
     r extr       0.08   0.26   0.68   2.15  38.73
 7d 0.5   0.000 0.4872547E-02 0.1980194E-03 0.10180E+04 0.11786E+07
     r extr       0.09   0.27   0.70   2.27  38.57
 8d-0.5   0.000 0.1514044E-01 0.5740701E-02 0.53971E+03 0.52689E+06
     r extr       0.08   0.26   0.68   2.14  16.34  39.22
 8d 0.5   0.000 0.1545008E-01 0.5770116E-02 0.55511E+03 0.54369E+06
     r extr       0.09   0.27   0.70   2.25  16.81  38.57
 5f-0.5   1.286-0.1467884E+00 0.9320762E+00 0.27376E+01 0.19111E+02
     r extr       0.23   1.05
 5f 0.5   1.714-0.1160471E+00 0.9190195E+00 0.29803E+01 0.23916E+02
     r extr       0.24   1.07
 6f-0.5   0.000 0.8275684E-02 0.7314228E-06 0.10928E+04 0.13129E+07
     r extr       0.23   1.01  39.71
 6f 0.5   0.000 0.8275719E-02 0.7746528E-06 0.10928E+04 0.13129E+07
     r extr       0.24   1.04  38.57
 7f-0.5   0.000 0.2445962E-01 0.3519532E-04 0.67659E+03 0.66309E+06
     r extr       0.23   1.01  21.28  38.57
 7f 0.5   0.000 0.2446163E-01 0.5134673E-04 0.67673E+03 0.66326E+06
     r extr       0.24   1.04  21.28  38.57
 5g-0.5   0.000 0.1233919E-01 0.4313922E-06 0.11344E+04 0.13952E+07
     r extr      38.73
 5g 0.5   0.000 0.1233921E-01 0.1408593E-06 0.11344E+04 0.13952E+07
     r extr      38.57

 U  output data for orbitals
 ---------------------------

 nl    s      occ         eigenvalue    kinetic energy      pot energy

 1s   0.5    2.0000   -4223.41848086       0.00000000  -11257.60739126
 2s   0.5    2.0000    -789.48968955       0.00000000   -2843.80134575
 2p  -0.5    2.0000    -761.37446843       0.00000000   -2830.70273482
 2p   0.5    4.0000    -622.84809588       0.00000000   -2089.62531916
 3s   0.5    2.0000    -199.42978309       0.00000000   -1035.00785937
 3p  -0.5    2.0000    -186.66371056       0.00000000   -1024.79066257
 3p   0.5    4.0000    -154.70102657       0.00000000    -828.41038751
 3d  -0.5    4.0000    -134.54118005       0.00000000    -820.26452817
 3d   0.5    6.0000    -128.01665711       0.00000000    -780.46991425
 4s   0.5    2.0000     -50.78894173       0.00000000    -443.87397866
 4p  -0.5    2.0000     -45.03717040       0.00000000    -433.38419915
 4p   0.5    4.0000     -36.68861027       0.00000000    -365.41207118
 4d  -0.5    4.0000     -27.52930599       0.00000000    -349.31489244
 4d   0.5    6.0000     -25.98542865       0.00000000    -335.27633357
 4f  -0.5    6.0000     -13.88951393       0.00000000    -311.05493814
 4f   0.5    8.0000     -13.48546939       0.00000000    -305.77689606
 5s   0.5    2.0000     -11.29558546       0.00000000    -197.23193504
 6s   0.5    2.0000      -1.74803962       0.00000000     -83.11897214
 7s   0.5    2.0000      -0.16094725       0.00000000     -28.57325532
 8s   0.5    0.0000      -0.00354447       0.00000000      -8.65752621
 9s   0.5    0.0000       0.00293593       0.00000000      -3.94233810
 5p  -0.5    2.0000      -9.05796402       0.00000000    -186.84349810
 5p   0.5    4.0000      -7.06929560       0.00000000    -161.56278853
 6p  -0.5    2.0000      -1.10111897       0.00000000     -73.42029326
 6p   0.5    4.0000      -0.77578418       0.00000000     -62.69569303
 7p  -0.5    0.0000      -0.06205149       0.00000000     -21.51837965
 7p   0.5    0.0000      -0.03999955       0.00000000     -18.30169837
 8p  -0.5    0.0000       0.00224568       0.00000000      -3.43436695
 8p   0.5    0.0000       0.00243536       0.00000000      -3.28856132
 9p  -0.5    0.0000       0.01060797       0.00000000      -5.45831031
 9p   0.5    0.0000       0.01222200       0.00000000      -5.13409542
 5d  -0.5    4.0000      -3.79741619       0.00000000    -141.15678704
 5d   0.5    6.0000      -3.50121714       0.00000000    -135.86229990
 6d  -0.5    0.4000      -0.10304082       0.00000000     -38.13190596
 6d   0.5    0.6000      -0.08480203       0.00000000     -35.64532157
 7d  -0.5    0.0000       0.00486171       0.00000000      -3.08439435
 7d   0.5    0.0000       0.00487255       0.00000000      -3.07400086
 8d  -0.5    0.0000       0.01514044       0.00000000      -5.69769498
 8d   0.5    0.0000       0.01545008       0.00000000      -5.54015782
 5f  -0.5    1.2857      -0.14678836       0.00000000     -84.94248302
 5f   0.5    1.7143      -0.11604715       0.00000000     -82.32675367
 6f  -0.5    0.0000       0.00827568       0.00000000      -2.86073481
 6f   0.5    0.0000       0.00827572       0.00000000      -2.86073347
 7f  -0.5    0.0000       0.02445962       0.00000000      -4.16582453
 7f   0.5    0.0000       0.02446163       0.00000000      -4.16582832
 5g  -0.5    0.0000       0.01233919       0.00000000      -2.77400136
 5g   0.5    0.0000       0.01233921       0.00000000      -2.77400173


 total energies
 --------------

 sum of eigenvalues        =   -17647.65507830
 kinetic energy from ek    =        0.00000000
 el-ion interaction energy =   -72259.66149975
 el-el  interaction energy =    10455.16422353
 vxc    correction         =     -497.69250694
 exchange + corr energy    =     -396.00414829
 kinetic energy from ev    =    34199.37048134
 potential energy          =   -0.62200501E+05
 ---------------------------------------------
 total energy              =   -28001.13094318
 Reached end of file atom.dat
