 U  all electron calculation  
 ---------------------------

 correlation = VWN          non spin-polarized

 nuclear charge             = 92.000000
 number of core orbitals    = 10
 number of valence orbitals = 18
 electronic charge          = 91.000000
 ionic charge               =  1.000000


 input data for orbitals

  i    n    l    s     j     occ

  1    1    0   0.0   0.0    2.0000
  2    2    0   0.0   0.0    2.0000
  3    2    1   0.0   0.0    6.0000
  4    3    0   0.0   0.0    2.0000
  5    3    1   0.0   0.0    6.0000
  6    3    2   0.0   0.0   10.0000
  7    4    0   0.0   0.0    2.0000
  8    4    1   0.0   0.0    6.0000
  9    4    2   0.0   0.0   10.0000
 10    4    3   0.0   0.0   14.0000
 11    5    0   0.0   0.0    2.0000
 12    6    0   0.0   0.0    2.0000
 13    7    0   0.0   0.0    2.0000
 14    8    0   0.0   0.0    0.0000
 15    9    0   0.0   0.0    0.0000
 16    5    1   0.0   0.0    6.0000
 17    6    1   0.0   0.0    6.0000
 18    7    1   0.0   0.0    0.0000
 19    8    1   0.0   0.0    0.0000
 20    9    1   0.0   0.0    0.0000
 21    5    2   0.0   0.0   10.0000
 22    6    2   0.0   0.0    0.0000
 23    7    2   0.0   0.0    0.0000
 24    8    2   0.0   0.0    0.0000
 25    5    3   0.0   0.0    3.0000
 26    6    3   0.0   0.0    0.0000
 27    7    3   0.0   0.0    0.0000
 28    5    4   0.0   0.0    0.0000


 radial grid parameters

 r(1) = .0 , r(2) =0.304909E-07 , ... , r(1946) = 39.87773160
 a =  8.00072660  b =120.00000000


 warning *** charge density rescaled in velect
 iteration number   1   scaling factor =  1.00    

 iter =    1 dvmax = 0.420E+00 xmixo =0.218E+00
 iter =    2 dvmax = 0.331E+00 xmixo =0.218E+00
 iter =    3 dvmax = 0.247E+00 xmixo =0.218E+00
 iter =    4 dvmax = 0.181E+00 xmixo =0.218E+00
 iter =    5 dvmax = 0.130E+00 xmixo =0.218E+00
 iter =    6 dvmax = 0.916E-01 xmixo =0.218E+00
 iter =    7 dvmax = 0.641E-01 xmixo =0.218E+00
 iter =    8 dvmax = 0.448E-01 xmixo =0.218E+00
 iter =    9 dvmax = 0.315E-01 xmixo =0.218E+00
 iter =   10 dvmax = 0.224E-01 xmixo =0.218E+00
 iter =   11 dvmax = 0.161E-01 xmixo =0.218E+00
 iter =   12 dvmax = 0.117E-01 xmixo =0.218E+00
 iter =   13 dvmax = 0.865E-02 xmixo =0.218E+00
 iter =   14 dvmax = 0.642E-02 xmixo =0.218E+00
 iter =   15 dvmax = 0.480E-02 xmixo =0.218E+00
 iter =   16 dvmax = 0.360E-02 xmixo =0.218E+00
 iter =   17 dvmax = 0.272E-02 xmixo =0.218E+00
 iter =   18 dvmax = 0.205E-02 xmixo =0.218E+00
 iter =   19 dvmax = 0.156E-02 xmixo =0.218E+00
 iter =   20 dvmax = 0.119E-02 xmixo =0.218E+00
 iter =   21 dvmax = 0.903E-03 xmixo =0.218E+00
 iter =   22 dvmax = 0.689E-03 xmixo =0.218E+00
 iter =   23 dvmax = 0.526E-03 xmixo =0.218E+00
 iter =   24 dvmax = 0.403E-03 xmixo =0.218E+00
 iter =   25 dvmax = 0.308E-03 xmixo =0.218E+00
 iter =   26 dvmax = 0.236E-03 xmixo =0.218E+00
 iter =   27 dvmax = 0.181E-03 xmixo =0.218E+00
 iter =   28 dvmax = 0.139E-03 xmixo =0.218E+00
 iter =   29 dvmax = 0.106E-03 xmixo =0.218E+00
 Switching from LDA to the requested functional
 iter =   30 dvmax = 0.387E-04 xmixo =0.218E+00
 iter =   31 dvmax = 0.305E-04 xmixo =0.218E+00
 iter =   32 dvmax = 0.239E-04 xmixo =0.218E+00
 iter =   33 dvmax = 0.186E-04 xmixo =0.218E+00
 iter =   34 dvmax = 0.145E-04 xmixo =0.218E+00
 iter =   35 dvmax = 0.113E-04 xmixo =0.218E+00
 iter =   36 dvmax = 0.878E-05 xmixo =0.218E+00
 iter =   37 dvmax = 0.681E-05 xmixo =0.218E+00
 iter =   38 dvmax = 0.528E-05 xmixo =0.218E+00
 iter =   39 dvmax = 0.409E-05 xmixo =0.218E+00
 iter =   40 dvmax = 0.317E-05 xmixo =0.218E+00
 iter =   41 dvmax = 0.245E-05 xmixo =0.218E+00
 iter =   42 dvmax = 0.190E-05 xmixo =0.218E+00
 iter =   43 dvmax = 0.147E-05 xmixo =0.218E+00
 iter =   44 dvmax = 0.113E-05 xmixo =0.218E+00
 iter =   45 dvmax = 0.876E-06 xmixo =0.218E+00
 iter =   46 dvmax = 0.677E-06 xmixo =0.218E+00
 iter =   47 dvmax = 0.523E-06 xmixo =0.218E+00
 iter =   48 dvmax = 0.404E-06 xmixo =0.218E+00
 iter =   49 dvmax = 0.312E-06 xmixo =0.218E+00
 iter =   50 dvmax = 0.241E-06 xmixo =0.218E+00
 iter =   51 dvmax = 0.186E-06 xmixo =0.218E+00
 iter =   52 dvmax = 0.144E-06 xmixo =0.218E+00
 iter =   53 dvmax = 0.111E-06 xmixo =0.218E+00
 iter =   54 dvmax = 0.857E-07 xmixo =0.218E+00
 iter =   55 dvmax = 0.662E-07 xmixo =0.218E+00
 iter =   56 dvmax = 0.511E-07 xmixo =0.218E+00
 iter =   57 dvmax = 0.395E-07 xmixo =0.218E+00
 iter =   58 dvmax = 0.305E-07 xmixo =0.218E+00
 iter =   59 dvmax = 0.235E-07 xmixo =0.218E+00
 iter =   60 dvmax = 0.182E-07 xmixo =0.218E+00
 iter =   61 dvmax = 0.140E-07 xmixo =0.218E+00
 iter =   62 dvmax = 0.108E-07 xmixo =0.218E+00
 iter =   63 dvmax = 0.837E-08 xmixo =0.218E+00
 iter =   64 dvmax = 0.647E-08 xmixo =0.218E+00
 iter =   65 dvmax = 0.500E-08 xmixo =0.218E+00
 iter =   66 dvmax = 0.386E-08 xmixo =0.218E+00
 iter =   67 dvmax = 0.298E-08 xmixo =0.218E+00
 iter =   68 dvmax = 0.230E-08 xmixo =0.218E+00
 iter =   69 dvmax = 0.178E-08 xmixo =0.218E+00
 iter =   70 dvmax = 0.138E-08 xmixo =0.218E+00
 iter =   71 dvmax = 0.106E-08 xmixo =0.218E+00
 iter =   72 dvmax = 0.821E-09 xmixo =0.218E+00
 iter =   73 dvmax = 0.635E-09 xmixo =0.218E+00
 iter =   74 dvmax = 0.491E-09 xmixo =0.218E+00
 iter =   75 dvmax = 0.379E-09 xmixo =0.218E+00
 iter =   76 dvmax = 0.293E-09 xmixo =0.218E+00
 iter =   77 dvmax = 0.227E-09 xmixo =0.218E+00
 iter =   78 dvmax = 0.175E-09 xmixo =0.218E+00
 iter =   79 dvmax = 0.139E-09 xmixo =0.218E+00
 iter =   80 dvmax = 0.112E-09 xmixo =0.218E+00
 iter =   81 dvmax = 0.903E-10 xmixo =0.218E+00
 iter =   82 dvmax = 0.729E-10 xmixo =0.218E+00
 iter =   83 dvmax = 0.588E-10 xmixo =0.218E+00
 iter =   84 dvmax = 0.473E-10 xmixo =0.218E+00
 iter =   85 dvmax = 0.381E-10 xmixo =0.218E+00
 iter =   86 dvmax = 0.307E-10 xmixo =0.218E+00
 iter =   87 dvmax = 0.247E-10 xmixo =0.218E+00
 iter =   88 dvmax = 0.199E-10 xmixo =0.218E+00
 iter =   89 dvmax = 0.160E-10 xmixo =0.218E+00
 iter =   90 dvmax = 0.128E-10 xmixo =0.218E+00
 iter =   91 dvmax = 0.103E-10 xmixo =0.218E+00
 iter =   92 dvmax = 0.830E-11 xmixo =0.218E+00
 warning: ircov > ninf ! (ircov set to ninf)

 rcov         =    2.6800000000000002     
 charge(rcov) = int_0^rcov psi^2 r^2 dr
 dcharge      = int_0^infinity psi^2 r^4 dr
 ddcharge     = int_0^infinity psi^2 r^6 dr

 nl   s    occ    eigenvalue   charge(rcov)    dcharge    ddcharge
 1s 0.0   2.000-0.3689649E+04 0.1000000E+01 0.36119E-03 0.32833E-06
     r extr       0.01
 2s 0.0   2.000-0.6400744E+03 0.1000000E+01 0.55464E-02 0.51380E-04
     r extr       0.01   0.06
 2p 0.0   6.000-0.6194042E+03 0.1000000E+01 0.40708E-02 0.31826E-04
     r extr       0.05
 3s 0.0   2.000-0.1614126E+03 0.1000000E+01 0.33438E-01 0.16543E-02
     r extr       0.01   0.05   0.16
 3p 0.0   6.000-0.1512735E+03 0.1000000E+01 0.30495E-01 0.14343E-02
     r extr       0.03   0.15
 3d 0.0  10.000-0.1322722E+03 0.1000000E+01 0.23068E-01 0.91575E-03
     r extr       0.12
 4s 0.0   2.000-0.4082221E+02 0.1000000E+01 0.15066E+00 0.32177E-01
     r extr       0.01   0.05   0.13   0.35
 4p 0.0   6.000-0.3614745E+02 0.1000000E+01 0.15121E+00 0.33103E-01
     r extr       0.03   0.12   0.35
 4d 0.0  10.000-0.2741739E+02 0.1000000E+01 0.15018E+00 0.34494E-01
     r extr       0.09   0.33
 4f 0.0  14.000-0.1532156E+02 0.1000000E+01 0.14197E+00 0.35580E-01
     r extr       0.28
 5s 0.0   2.000-0.9117639E+01 0.9999995E+00 0.63867E+00 0.57083E+00
     r extr       0.01   0.05   0.13   0.30   0.72
 6s 0.0   2.000-0.1613582E+01 0.9551051E+00 0.31381E+01 0.14094E+02
     r extr       0.01   0.05   0.13   0.29   0.62   1.54
 7s 0.0   2.000-0.3301526E+00 0.1046317E+00 0.18720E+02 0.50100E+03
     r extr       0.01   0.05   0.13   0.29   0.61   1.34   3.71
 8s 0.0   0.000-0.1020623E+00 0.2994278E-01 0.82520E+02 0.96028E+04
     r extr       0.01   0.05   0.13   0.29   0.61   1.32   3.14   8.12
 9s 0.0   0.000-0.4415395E-01 0.7546219E-02 0.33837E+03 0.15406E+06
     r extr       0.01   0.05   0.13   0.29   0.61   1.31   3.06   6.94  16.86
 5p 0.0   6.000-0.7311657E+01 0.9999975E+00 0.69818E+00 0.69471E+00
     r extr       0.03   0.12   0.29   0.74
 6p 0.0   6.000-0.1104612E+01 0.8958019E+00 0.39630E+01 0.23205E+02
     r extr       0.03   0.12   0.28   0.64   1.68
 7p 0.0   0.000-0.2264970E+00 0.6201721E-01 0.26410E+02 0.10042E+04
     r extr       0.03   0.12   0.28   0.63   1.47   4.39
 8p 0.0   0.000-0.7129108E-01 0.1550032E-01 0.12591E+03 0.22636E+05
     r extr       0.03   0.12   0.28   0.63   1.45   3.69   9.89
 9p 0.0   0.000-0.3511051E-01 0.4369844E-02 0.48735E+03 0.31329E+06
     r extr       0.03   0.12   0.28   0.63   1.44   3.60   8.42  20.65
 5d 0.0  10.000-0.4159809E+01 0.9999261E+00 0.87757E+00 0.11580E+01
     r extr       0.09   0.28   0.80
 6d 0.0   0.000-0.3945251E+00 0.5563721E+00 0.83414E+01 0.11520E+03
     r extr       0.09   0.27   0.69   2.22
 7d 0.0   0.000-0.9577386E-01 0.6018878E-01 0.61197E+02 0.56071E+04
     r extr       0.09   0.27   0.69   1.93   6.62
 8d 0.0   0.000-0.3819527E-01 0.1056422E-01 0.33597E+03 0.15664E+06
     r extr       0.09   0.27   0.68   1.90   5.60  16.23
 5f 0.0   3.000-0.6571785E+00 0.9731007E+00 0.20129E+01 0.80990E+01
     r extr       0.23   1.00
 6f 0.0   0.000-0.5595104E-01 0.9949575E-02 0.77218E+02 0.10421E+05
     r extr       0.23   0.91   6.63
 7f 0.0   0.000-0.2737876E-01 0.1939308E-02 0.51763E+03 0.36232E+06
     r extr       0.23   0.91   5.49  20.58
 5g 0.0   0.000-0.2065896E-01 0.2723432E-05 0.67525E+03 0.58560E+06
     r extr      24.01

 U  output data for orbitals
 ---------------------------

 nl    s      occ         eigenvalue    kinetic energy      pot energy

 1s   0.0    2.0000   -3689.64944009    4176.94231020   -8408.71287801
 2s   0.0    2.0000    -640.07441928     939.00421714   -1993.83371193
 2p   0.0    6.0000    -619.40424613     944.16316428   -1998.58765785
 3s   0.0    2.0000    -161.41255939     325.88643666    -784.71439863
 3p   0.0    6.0000    -151.27350440     324.64019211    -781.74010799
 3d   0.0   10.0000    -132.27217983     322.01678462    -777.33736495
 4s   0.0    2.0000     -40.82220712     116.25736113    -354.95780087
 4p   0.0    6.0000     -36.14744934     112.90079219    -348.07441296
 4d   0.0   10.0000     -27.41738534     105.81015610    -334.29930906
 4f   0.0   14.0000     -15.32156211      93.78013647    -312.45088664
 5s   0.0    2.0000      -9.11763934      37.16577482    -164.80229038
 6s   0.0    2.0000      -1.61358173       8.66910182     -70.84131436
 7s   0.0    2.0000      -0.33015265       1.47672555     -27.92732746
 8s   0.0    0.0000      -0.10206233       0.45147001     -13.68159561
 9s   0.0    0.0000      -0.04415395       0.12640231      -6.66592510
 5p   0.0    6.0000      -7.31165728      34.06990930    -156.55159859
 6p   0.0    6.0000      -1.10461210       6.87297953     -62.81910263
 7p   0.0    0.0000      -0.22649704       1.05194215     -23.42346853
 8p   0.0    0.0000      -0.07129108       0.30024164     -11.07279302
 9p   0.0    0.0000      -0.03511051       0.09478989      -5.59901885
 5d   0.0   10.0000      -4.15980898      27.26915160    -137.91036067
 6d   0.0    0.0000      -0.39452515       3.27978353     -43.45671277
 7d   0.0    0.0000      -0.09577386       0.56991452     -15.97931380
 8d   0.0    0.0000      -0.03819527       0.12290944      -6.71393383
 5f   0.0    3.0000      -0.65717854      13.47302975     -93.75603307
 6f   0.0    0.0000      -0.05595104       0.29579430     -13.72056787
 7f   0.0    0.0000      -0.02737876       0.06550267      -5.38704534
 5g   0.0    0.0000      -0.02065896       0.02393967      -4.06079816


 total energies
 --------------

 sum of eigenvalues        =   -15832.45596134
 kinetic energy from ek    =    25650.98800209
 el-ion interaction energy =   -60849.26758236
 el-el  interaction energy =     9964.89982260
 vxc    correction         =     -563.97589819
 exchange + corr energy    =     -424.77317011
 kinetic energy from ev    =    25650.98787401
 potential energy          =   -0.51309141E+05
 ---------------------------------------------
 total energy              =   -25658.15305586
 Reached end of file atom.dat
