 U  all electron calculation  
 ---------------------------

 r e l a t i v i s t i c ! !

 correlation = NIST         non spin-polarized

 nuclear charge             = 92.000000
 number of core orbitals    = 16
 number of valence orbitals = 31
 electronic charge          = 91.000000
 ionic charge               =  1.000000


 input data for orbitals

  i    n    l    s     j     occ

  1    1    0   0.5   0.5    2.0000
  2    2    0   0.5   0.5    2.0000
  3    2    1  -0.5   0.5    2.0000
  4    2    1   0.5   1.5    4.0000
  5    3    0   0.5   0.5    2.0000
  6    3    1  -0.5   0.5    2.0000
  7    3    1   0.5   1.5    4.0000
  8    3    2  -0.5   1.5    4.0000
  9    3    2   0.5   2.5    6.0000
 10    4    0   0.5   0.5    2.0000
 11    4    1  -0.5   0.5    2.0000
 12    4    1   0.5   1.5    4.0000
 13    4    2  -0.5   1.5    4.0000
 14    4    2   0.5   2.5    6.0000
 15    4    3  -0.5   2.5    6.0000
 16    4    3   0.5   3.5    8.0000
 17    5    0   0.5   0.5    2.0000
 18    6    0   0.5   0.5    2.0000
 19    7    0   0.5   0.5    2.0000
 20    8    0   0.5   0.5    0.0000
 21    9    0   0.5   0.5    0.0000
 22    5    1  -0.5   0.5    2.0000
 23    5    1   0.5   1.5    4.0000
 24    6    1  -0.5   0.5    2.0000
 25    6    1   0.5   1.5    4.0000
 26    7    1  -0.5   0.5    0.0000
 27    7    1   0.5   1.5    0.0000
 28    8    1  -0.5   0.5    0.0000
 29    8    1   0.5   1.5    0.0000
 30    9    1  -0.5   0.5    0.0000
 31    9    1   0.5   1.5    0.0000
 32    5    2  -0.5   1.5    4.0000
 33    5    2   0.5   2.5    6.0000
 34    6    2  -0.5   1.5    0.0000
 35    6    2   0.5   2.5    0.0000
 36    7    2  -0.5   1.5    0.0000
 37    7    2   0.5   2.5    0.0000
 38    8    2  -0.5   1.5    0.0000
 39    8    2   0.5   2.5    0.0000
 40    5    3  -0.5   2.5    1.2857
 41    5    3   0.5   3.5    1.7143
 42    6    3  -0.5   2.5    0.0000
 43    6    3   0.5   3.5    0.0000
 44    7    3  -0.5   2.5    0.0000
 45    7    3   0.5   3.5    0.0000
 46    5    4  -0.5   3.5    0.0000
 47    5    4   0.5   4.5    0.0000


 radial grid parameters

 r(1) = .0 , r(2) =0.304909E-07 , ... , r(1946) = 39.87773160
 a =  8.00072660  b =120.00000000


 warning *** charge density rescaled in velect
 iteration number   1   scaling factor =  1.00    

 iter =    1 dvmax = 0.420E+00 xmixo =0.218E+00
 iter =    2 dvmax = 0.353E+00 xmixo =0.218E+00
 iter =    3 dvmax = 0.265E+00 xmixo =0.218E+00
 iter =    4 dvmax = 0.195E+00 xmixo =0.218E+00
 iorb = 39 iter =  5 ev = -0.1448595261E+02 nodes = 4
 iorb = 39 iter =  5 ev = -0.1593454787E+02 nodes =14
 iorb = 44 iter =  5 ev = -0.1418521210E+02 nodes = 2
 iorb = 44 iter =  5 ev = -0.1560373331E+02 nodes =14
 iter =    5 dvmax = 0.141E+00 xmixo =0.218E+00
 iorb = 39 iter =  6 ev = -0.1485886670E+02 nodes = 3
 iorb = 39 iter =  6 ev = -0.1634475337E+02 nodes =10
 iter =    6 dvmax = 0.100E+00 xmixo =0.218E+00
 iter =    7 dvmax = 0.709E-01 xmixo =0.218E+00
 iter =    8 dvmax = 0.519E-01 xmixo =0.218E+00
 iorb = 44 iter =  9 ev = -0.1396923623E+02 nodes = 2
 iorb = 44 iter =  9 ev = -0.1536615985E+02 nodes =14
 iorb = 45 iter =  9 ev = -0.1396737961E+02 nodes = 2
 iorb = 45 iter =  9 ev = -0.1536411758E+02 nodes =14
 iter =    9 dvmax = 0.512E-01 xmixo =0.218E+00
 iorb = 44 iter = 10 ev = -0.1543060374E+02 nodes =14
 iorb = 44 iter = 10 ev = -0.1388754336E+02 nodes = 2
 iorb = 45 iter = 10 ev = -0.1542855290E+02 nodes =14
 iorb = 45 iter = 10 ev = -0.1388569761E+02 nodes = 2
 iter =   10 dvmax = 0.465E-01 xmixo =0.218E+00
 iorb = 44 iter = 11 ev = -0.1394578611E+02 nodes = 2
 iorb = 44 iter = 11 ev = -0.1534036472E+02 nodes =14
 iorb = 45 iter = 11 ev = -0.1431624684E+02 nodes = 1
 iorb = 45 iter = 11 ev = -0.1574787153E+02 nodes =12
 iter =   11 dvmax = 0.402E-01 xmixo =0.218E+00
 iorb = 44 iter = 12 ev = -0.1549904172E+02 nodes =13
 iorb = 44 iter = 12 ev = -0.1394913755E+02 nodes = 2
 iorb = 45 iter = 12 ev = -0.1581391627E+02 nodes =11
 iorb = 45 iter = 12 ev = -0.1423252464E+02 nodes = 1
 iter =   12 dvmax = 0.338E-01 xmixo =0.218E+00
 iorb = 44 iter = 13 ev = -0.1400763861E+02 nodes = 2
 iorb = 44 iter = 13 ev = -0.1540840247E+02 nodes =14
 iorb = 45 iter = 13 ev = -0.1429221420E+02 nodes = 1
 iorb = 45 iter = 13 ev = -0.1572143562E+02 nodes =12
 iter =   13 dvmax = 0.279E-01 xmixo =0.218E+00
 iorb = 44 iter = 14 ev = -0.1557757794E+02 nodes =13
 iorb = 44 iter = 14 ev = -0.1401982015E+02 nodes = 2
 iorb = 45 iter = 14 ev = -0.1444729147E+02 nodes = 1
 iorb = 45 iter = 14 ev = -0.1589202062E+02 nodes =11
 iter =   14 dvmax = 0.227E-01 xmixo =0.218E+00
 iorb = 44 iter = 15 ev = -0.1407861764E+02 nodes = 2
 iorb = 44 iter = 15 ev = -0.1548647941E+02 nodes =13
 iorb = 45 iter = 15 ev = -0.1595866990E+02 nodes =10
 iorb = 45 iter = 15 ev = -0.1436280291E+02 nodes = 1
 iter =   15 dvmax = 0.184E-01 xmixo =0.218E+00
 iorb = 44 iter = 16 ev = -0.1555142790E+02 nodes =13
 iorb = 44 iter = 16 ev = -0.1399628511E+02 nodes = 2
 iorb = 45 iter = 16 ev = -0.1614080661E+02 nodes = 9
 iorb = 45 iter = 16 ev = -0.1452672595E+02 nodes = 1
 iter =   16 dvmax = 0.148E-01 xmixo =0.218E+00
 iorb = 44 iter = 17 ev = -0.1415101765E+02 nodes = 2
 iorb = 44 iter = 17 ev = -0.1556611942E+02 nodes =13
 iorb = 45 iter = 17 ev = -0.1458764935E+02 nodes = 1
 iorb = 45 iter = 17 ev = -0.1604641429E+02 nodes =10
 iter =   17 dvmax = 0.119E-01 xmixo =0.218E+00
 iorb = 44 iter = 18 ev = -0.1563140191E+02 nodes =12
 iorb = 44 iter = 18 ev = -0.1406826172E+02 nodes = 2
 iorb = 45 iter = 18 ev = -0.1611371108E+02 nodes = 9
 iorb = 45 iter = 18 ev = -0.1450233997E+02 nodes = 1
 iter =   18 dvmax = 0.946E-02 xmixo =0.218E+00
 iorb = 45 iter = 19 ev = -0.1466646532E+02 nodes = 1
 iorb = 45 iter = 19 ev = -0.1613311185E+02 nodes = 9
 iter =   19 dvmax = 0.754E-02 xmixo =0.218E+00
 iorb = 45 iter = 20 ev = -0.1620077224E+02 nodes = 8
 iorb = 45 iter = 20 ev = -0.1458069502E+02 nodes = 1
 iter =   20 dvmax = 0.599E-02 xmixo =0.218E+00
 iorb = 45 iter = 21 ev = -0.1464184476E+02 nodes = 1
 iorb = 45 iter = 21 ev = -0.1610602924E+02 nodes = 9
 iter =   21 dvmax = 0.475E-02 xmixo =0.218E+00
 iorb = 45 iter = 22 ev = -0.1628845660E+02 nodes = 8
 iorb = 45 iter = 22 ev = -0.1465961094E+02 nodes = 1
 iter =   22 dvmax = 0.377E-02 xmixo =0.218E+00
 iorb = 45 iter = 23 ev = -0.1472109165E+02 nodes = 1
 iorb = 45 iter = 23 ev = -0.1619320081E+02 nodes = 8
 iter =   23 dvmax = 0.298E-02 xmixo =0.218E+00
 iorb = 45 iter = 24 ev = -0.1638092713E+02 nodes = 7
 iorb = 45 iter = 24 ev = -0.1474283441E+02 nodes = 1
 iter =   24 dvmax = 0.236E-02 xmixo =0.218E+00
 iorb = 45 iter = 25 ev = -0.1480466415E+02 nodes = 1
 iorb = 45 iter = 25 ev = -0.1628513056E+02 nodes = 8
 iter =   25 dvmax = 0.186E-02 xmixo =0.218E+00
 iorb = 45 iter = 26 ev = -0.1635342851E+02 nodes = 7
 iorb = 45 iter = 26 ev = -0.1471808565E+02 nodes = 1
 iter =   26 dvmax = 0.147E-02 xmixo =0.218E+00
 iorb = 45 iter = 27 ev = -0.1505228048E+02 nodes = 3
 iorb = 45 iter = 27 ev = -0.1505181839E+02 nodes = 3
 iter =   27 dvmax = 0.116E-02 xmixo =0.218E+00
 iorb = 45 iter = 28 ev = -0.1505225311E+02 nodes = 3
 iorb = 45 iter = 28 ev = -0.1505179887E+02 nodes = 3
 iter =   28 dvmax = 0.917E-03 xmixo =0.218E+00
 iorb = 45 iter = 29 ev = -0.1505223218E+02 nodes = 3
 iorb = 45 iter = 29 ev = -0.1505178416E+02 nodes = 3
 iter =   29 dvmax = 0.723E-03 xmixo =0.218E+00
 iorb = 45 iter = 30 ev = -0.1505221619E+02 nodes = 3
 iorb = 45 iter = 30 ev = -0.1505177305E+02 nodes = 3
 Switching from LDA to the requested functional
 iter =   30 dvmax = 0.381E+00 xmixo =0.174E+00
 iorb = 45 iter = 31 ev = -0.1505220169E+02 nodes = 3
 iorb = 45 iter = 31 ev = -0.1505176369E+02 nodes = 3
 iter =   31 dvmax = 0.315E+00 xmixo =0.174E+00
 iorb = 45 iter = 32 ev = -0.1505219699E+02 nodes = 3
 iorb = 45 iter = 32 ev = -0.1505176002E+02 nodes = 3
 iter =   32 dvmax = 0.260E+00 xmixo =0.174E+00
 iorb = 45 iter = 33 ev = -0.1505219680E+02 nodes = 3
 iorb = 45 iter = 33 ev = -0.1505175902E+02 nodes = 3
 iter =   33 dvmax = 0.215E+00 xmixo =0.174E+00
 iorb = 45 iter = 34 ev = -0.1505219843E+02 nodes = 3
 iorb = 45 iter = 34 ev = -0.1505175918E+02 nodes = 3
 iter =   34 dvmax = 0.177E+00 xmixo =0.174E+00
 iorb = 45 iter = 35 ev = -0.1505220061E+02 nodes = 3
 iorb = 45 iter = 35 ev = -0.1505175979E+02 nodes = 3
 iter =   35 dvmax = 0.146E+00 xmixo =0.174E+00
 iorb = 45 iter = 36 ev = -0.1505220278E+02 nodes = 3
 iorb = 45 iter = 36 ev = -0.1505176052E+02 nodes = 3
 iter =   36 dvmax = 0.121E+00 xmixo =0.174E+00
 iorb = 45 iter = 37 ev = -0.1505220472E+02 nodes = 3
 iorb = 45 iter = 37 ev = -0.1505176121E+02 nodes = 3
 iter =   37 dvmax = 0.995E-01 xmixo =0.174E+00
 iorb = 45 iter = 38 ev = -0.1505220640E+02 nodes = 3
 iorb = 45 iter = 38 ev = -0.1505176183E+02 nodes = 3
 iter =   38 dvmax = 0.821E-01 xmixo =0.174E+00
 iorb = 45 iter = 39 ev = -0.1505220783E+02 nodes = 3
 iorb = 45 iter = 39 ev = -0.1505176238E+02 nodes = 3
 iter =   39 dvmax = 0.677E-01 xmixo =0.174E+00
 iorb = 45 iter = 40 ev = -0.1505220905E+02 nodes = 3
 iorb = 45 iter = 40 ev = -0.1505176286E+02 nodes = 3
 iter =   40 dvmax = 0.559E-01 xmixo =0.174E+00
 iorb = 45 iter = 41 ev = -0.1505221011E+02 nodes = 3
 iorb = 45 iter = 41 ev = -0.1505176328E+02 nodes = 3
 iter =   41 dvmax = 0.461E-01 xmixo =0.174E+00
 iorb = 45 iter = 42 ev = -0.1505221104E+02 nodes = 3
 iorb = 45 iter = 42 ev = -0.1505176367E+02 nodes = 3
 iter =   42 dvmax = 0.381E-01 xmixo =0.174E+00
 iorb = 45 iter = 43 ev = -0.1505221186E+02 nodes = 3
 iorb = 45 iter = 43 ev = -0.1505176402E+02 nodes = 3
 iter =   43 dvmax = 0.314E-01 xmixo =0.174E+00
 iorb = 45 iter = 44 ev = -0.1505221260E+02 nodes = 3
 iorb = 45 iter = 44 ev = -0.1505176434E+02 nodes = 3
 iter =   44 dvmax = 0.259E-01 xmixo =0.174E+00
 iorb = 45 iter = 45 ev = -0.1505221326E+02 nodes = 3
 iorb = 45 iter = 45 ev = -0.1505176463E+02 nodes = 3
 iter =   45 dvmax = 0.214E-01 xmixo =0.174E+00
 iorb = 45 iter = 46 ev = -0.1505221385E+02 nodes = 3
 iorb = 45 iter = 46 ev = -0.1505176491E+02 nodes = 3
 iter =   46 dvmax = 0.176E-01 xmixo =0.174E+00
 iorb = 45 iter = 47 ev = -0.1505221438E+02 nodes = 3
 iorb = 45 iter = 47 ev = -0.1505176516E+02 nodes = 3
 iter =   47 dvmax = 0.146E-01 xmixo =0.174E+00
 iorb = 45 iter = 48 ev = -0.1505221486E+02 nodes = 3
 iorb = 45 iter = 48 ev = -0.1505176539E+02 nodes = 3
 iter =   48 dvmax = 0.120E-01 xmixo =0.174E+00
 iorb = 45 iter = 49 ev = -0.1505221529E+02 nodes = 3
 iorb = 45 iter = 49 ev = -0.1505176560E+02 nodes = 3
 iter =   49 dvmax = 0.992E-02 xmixo =0.174E+00
 iorb = 45 iter = 50 ev = -0.1505221567E+02 nodes = 3
 iorb = 45 iter = 50 ev = -0.1505176579E+02 nodes = 3
 iter =   50 dvmax = 0.818E-02 xmixo =0.174E+00
 iorb = 45 iter = 51 ev = -0.1505221601E+02 nodes = 3
 iorb = 45 iter = 51 ev = -0.1505176596E+02 nodes = 3
 iter =   51 dvmax = 0.675E-02 xmixo =0.174E+00
 iorb = 45 iter = 52 ev = -0.1505221631E+02 nodes = 3
 iorb = 45 iter = 52 ev = -0.1505176611E+02 nodes = 3
 iter =   52 dvmax = 0.557E-02 xmixo =0.174E+00
 iorb = 45 iter = 53 ev = -0.1505221657E+02 nodes = 3
 iorb = 45 iter = 53 ev = -0.1505176625E+02 nodes = 3
 iter =   53 dvmax = 0.460E-02 xmixo =0.174E+00
 iorb = 45 iter = 54 ev = -0.1505221680E+02 nodes = 3
 iorb = 45 iter = 54 ev = -0.1505176637E+02 nodes = 3
 iter =   54 dvmax = 0.379E-02 xmixo =0.174E+00
 iorb = 45 iter = 55 ev = -0.1505221700E+02 nodes = 3
 iorb = 45 iter = 55 ev = -0.1505176647E+02 nodes = 3
 iter =   55 dvmax = 0.313E-02 xmixo =0.174E+00
 iorb = 45 iter = 56 ev = -0.1505221718E+02 nodes = 3
 iorb = 45 iter = 56 ev = -0.1505176657E+02 nodes = 3
 iter =   56 dvmax = 0.258E-02 xmixo =0.174E+00
 iorb = 45 iter = 57 ev = -0.1505221733E+02 nodes = 3
 iorb = 45 iter = 57 ev = -0.1505176665E+02 nodes = 3
 iter =   57 dvmax = 0.213E-02 xmixo =0.174E+00
 iorb = 45 iter = 58 ev = -0.1505221746E+02 nodes = 3
 iorb = 45 iter = 58 ev = -0.1505176672E+02 nodes = 3
 iter =   58 dvmax = 0.176E-02 xmixo =0.174E+00
 iorb = 45 iter = 59 ev = -0.1505221757E+02 nodes = 3
 iorb = 45 iter = 59 ev = -0.1505176678E+02 nodes = 3
 iter =   59 dvmax = 0.145E-02 xmixo =0.174E+00
 iorb = 45 iter = 60 ev = -0.1505221767E+02 nodes = 3
 iorb = 45 iter = 60 ev = -0.1505176683E+02 nodes = 3
 iter =   60 dvmax = 0.120E-02 xmixo =0.174E+00
 iorb = 45 iter = 61 ev = -0.1505221775E+02 nodes = 3
 iorb = 45 iter = 61 ev = -0.1505176687E+02 nodes = 3
 iter =   61 dvmax = 0.989E-03 xmixo =0.174E+00
 iorb = 45 iter = 62 ev = -0.1505221783E+02 nodes = 3
 iorb = 45 iter = 62 ev = -0.1505176691E+02 nodes = 3
 iter =   62 dvmax = 0.816E-03 xmixo =0.174E+00
 iorb = 45 iter = 63 ev = -0.1505221789E+02 nodes = 3
 iorb = 45 iter = 63 ev = -0.1505176695E+02 nodes = 3
 iter =   63 dvmax = 0.673E-03 xmixo =0.174E+00
 iorb = 45 iter = 64 ev = -0.1505221794E+02 nodes = 3
 iorb = 45 iter = 64 ev = -0.1505176697E+02 nodes = 3
 iter =   64 dvmax = 0.556E-03 xmixo =0.174E+00
 iorb = 45 iter = 65 ev = -0.1505221798E+02 nodes = 3
 iorb = 45 iter = 65 ev = -0.1505176700E+02 nodes = 3
 iter =   65 dvmax = 0.458E-03 xmixo =0.174E+00
 iorb = 45 iter = 66 ev = -0.1505221802E+02 nodes = 3
 iorb = 45 iter = 66 ev = -0.1505176702E+02 nodes = 3
 iter =   66 dvmax = 0.378E-03 xmixo =0.174E+00
 iorb = 45 iter = 67 ev = -0.1505221805E+02 nodes = 3
 iorb = 45 iter = 67 ev = -0.1505176704E+02 nodes = 3
 iter =   67 dvmax = 0.312E-03 xmixo =0.174E+00
 iorb = 45 iter = 68 ev = -0.1505221808E+02 nodes = 3
 iorb = 45 iter = 68 ev = -0.1505176705E+02 nodes = 3
 iter =   68 dvmax = 0.258E-03 xmixo =0.174E+00
 iorb = 45 iter = 69 ev = -0.1505221810E+02 nodes = 3
 iorb = 45 iter = 69 ev = -0.1505176706E+02 nodes = 3
 iter =   69 dvmax = 0.213E-03 xmixo =0.174E+00
 iorb = 45 iter = 70 ev = -0.1505221812E+02 nodes = 3
 iorb = 45 iter = 70 ev = -0.1505176707E+02 nodes = 3
 iter =   70 dvmax = 0.175E-03 xmixo =0.174E+00
 iorb = 45 iter = 71 ev = -0.1505221814E+02 nodes = 3
 iorb = 45 iter = 71 ev = -0.1505176708E+02 nodes = 3
 iter =   71 dvmax = 0.145E-03 xmixo =0.174E+00
 iorb = 45 iter = 72 ev = -0.1505221815E+02 nodes = 3
 iorb = 45 iter = 72 ev = -0.1505176709E+02 nodes = 3
 iter =   72 dvmax = 0.120E-03 xmixo =0.174E+00
 iorb = 45 iter = 73 ev = -0.1505221816E+02 nodes = 3
 iorb = 45 iter = 73 ev = -0.1505176710E+02 nodes = 3
 iter =   73 dvmax = 0.986E-04 xmixo =0.174E+00
 iorb = 45 iter = 74 ev = -0.1505221817E+02 nodes = 3
 iorb = 45 iter = 74 ev = -0.1505176710E+02 nodes = 3
 iter =   74 dvmax = 0.814E-04 xmixo =0.174E+00
 iorb = 45 iter = 75 ev = -0.1505221818E+02 nodes = 3
 iorb = 45 iter = 75 ev = -0.1505176711E+02 nodes = 3
 iter =   75 dvmax = 0.672E-04 xmixo =0.174E+00
 iorb = 45 iter = 76 ev = -0.1505221819E+02 nodes = 3
 iorb = 45 iter = 76 ev = -0.1505176711E+02 nodes = 3
 iter =   76 dvmax = 0.554E-04 xmixo =0.174E+00
 iorb = 45 iter = 77 ev = -0.1505221819E+02 nodes = 3
 iorb = 45 iter = 77 ev = -0.1505176711E+02 nodes = 3
 iter =   77 dvmax = 0.458E-04 xmixo =0.174E+00
 iorb = 45 iter = 78 ev = -0.1505221820E+02 nodes = 3
 iorb = 45 iter = 78 ev = -0.1505176712E+02 nodes = 3
 iter =   78 dvmax = 0.378E-04 xmixo =0.174E+00
 iorb = 45 iter = 79 ev = -0.1505221820E+02 nodes = 3
 iorb = 45 iter = 79 ev = -0.1505176712E+02 nodes = 3
 iter =   79 dvmax = 0.312E-04 xmixo =0.174E+00
 iorb = 45 iter = 80 ev = -0.1505221820E+02 nodes = 3
 iorb = 45 iter = 80 ev = -0.1505176712E+02 nodes = 3
 iter =   80 dvmax = 0.257E-04 xmixo =0.174E+00
 iorb = 45 iter = 81 ev = -0.1505221821E+02 nodes = 3
 iorb = 45 iter = 81 ev = -0.1505176712E+02 nodes = 3
 iter =   81 dvmax = 0.212E-04 xmixo =0.174E+00
 iorb = 45 iter = 82 ev = -0.1505221821E+02 nodes = 3
 iorb = 45 iter = 82 ev = -0.1505176712E+02 nodes = 3
 iter =   82 dvmax = 0.175E-04 xmixo =0.174E+00
 iorb = 45 iter = 83 ev = -0.1505221821E+02 nodes = 3
 iorb = 45 iter = 83 ev = -0.1505176712E+02 nodes = 3
 iter =   83 dvmax = 0.145E-04 xmixo =0.174E+00
 iorb = 45 iter = 84 ev = -0.1505221821E+02 nodes = 3
 iorb = 45 iter = 84 ev = -0.1505176712E+02 nodes = 3
 iter =   84 dvmax = 0.119E-04 xmixo =0.174E+00
 iorb = 45 iter = 85 ev = -0.1505221821E+02 nodes = 3
 iorb = 45 iter = 85 ev = -0.1505176713E+02 nodes = 3
 iter =   85 dvmax = 0.985E-05 xmixo =0.174E+00
 iorb = 45 iter = 86 ev = -0.1505221822E+02 nodes = 3
 iorb = 45 iter = 86 ev = -0.1505176713E+02 nodes = 3
 iter =   86 dvmax = 0.813E-05 xmixo =0.174E+00
 iorb = 45 iter = 87 ev = -0.1505221822E+02 nodes = 3
 iorb = 45 iter = 87 ev = -0.1505176713E+02 nodes = 3
 iter =   87 dvmax = 0.671E-05 xmixo =0.174E+00
 iorb = 45 iter = 88 ev = -0.1505221822E+02 nodes = 3
 iorb = 45 iter = 88 ev = -0.1505176713E+02 nodes = 3
 iter =   88 dvmax = 0.554E-05 xmixo =0.174E+00
 iorb = 45 iter = 89 ev = -0.1505221822E+02 nodes = 3
 iorb = 45 iter = 89 ev = -0.1505176713E+02 nodes = 3
 iter =   89 dvmax = 0.457E-05 xmixo =0.174E+00
 iorb = 45 iter = 90 ev = -0.1505221822E+02 nodes = 3
 iorb = 45 iter = 90 ev = -0.1505176713E+02 nodes = 3
 iter =   90 dvmax = 0.377E-05 xmixo =0.174E+00
 iorb = 45 iter = 91 ev = -0.1505221822E+02 nodes = 3
 iorb = 45 iter = 91 ev = -0.1505176713E+02 nodes = 3
 iter =   91 dvmax = 0.311E-05 xmixo =0.174E+00
 iorb = 45 iter = 92 ev = -0.1505221822E+02 nodes = 3
 iorb = 45 iter = 92 ev = -0.1505176713E+02 nodes = 3
 iter =   92 dvmax = 0.257E-05 xmixo =0.174E+00
 iorb = 45 iter = 93 ev = -0.1505221822E+02 nodes = 3
 iorb = 45 iter = 93 ev = -0.1505176713E+02 nodes = 3
 iter =   93 dvmax = 0.212E-05 xmixo =0.174E+00
 iorb = 45 iter = 94 ev = -0.1505221822E+02 nodes = 3
 iorb = 45 iter = 94 ev = -0.1505176713E+02 nodes = 3
 iter =   94 dvmax = 0.175E-05 xmixo =0.174E+00
 iorb = 45 iter = 95 ev = -0.1505221822E+02 nodes = 3
 iorb = 45 iter = 95 ev = -0.1505176713E+02 nodes = 3
 iter =   95 dvmax = 0.144E-05 xmixo =0.174E+00
 iorb = 45 iter = 96 ev = -0.1505221822E+02 nodes = 3
 iorb = 45 iter = 96 ev = -0.1505176713E+02 nodes = 3
 iter =   96 dvmax = 0.119E-05 xmixo =0.174E+00
 iorb = 45 iter = 97 ev = -0.1505221822E+02 nodes = 3
 iorb = 45 iter = 97 ev = -0.1505176713E+02 nodes = 3
 iter =   97 dvmax = 0.984E-06 xmixo =0.174E+00
 iorb = 45 iter = 98 ev = -0.1505221822E+02 nodes = 3
 iorb = 45 iter = 98 ev = -0.1505176713E+02 nodes = 3
 iter =   98 dvmax = 0.812E-06 xmixo =0.174E+00
 iorb = 45 iter = 99 ev = -0.1505221822E+02 nodes = 3
 iorb = 45 iter = 99 ev = -0.1505176713E+02 nodes = 3
 iter =   99 dvmax = 0.670E-06 xmixo =0.174E+00
 iorb = 45 iter =100 ev = -0.1505221822E+02 nodes = 3
 iorb = 45 iter =100 ev = -0.1505176713E+02 nodes = 3
 iter =  100 dvmax = 0.553E-06 xmixo =0.174E+00
 iorb = 45 iter =101 ev = -0.1505221822E+02 nodes = 3
 iorb = 45 iter =101 ev = -0.1505176713E+02 nodes = 3
 iter =  101 dvmax = 0.456E-06 xmixo =0.174E+00
 iorb = 45 iter =102 ev = -0.1505221822E+02 nodes = 3
 iorb = 45 iter =102 ev = -0.1505176713E+02 nodes = 3
 iter =  102 dvmax = 0.377E-06 xmixo =0.174E+00
 iorb = 45 iter =103 ev = -0.1505221822E+02 nodes = 3
 iorb = 45 iter =103 ev = -0.1505176713E+02 nodes = 3
 iter =  103 dvmax = 0.311E-06 xmixo =0.174E+00
 iorb = 45 iter =104 ev = -0.1505221822E+02 nodes = 3
 iorb = 45 iter =104 ev = -0.1505176713E+02 nodes = 3
 iter =  104 dvmax = 0.257E-06 xmixo =0.174E+00
 iorb = 45 iter =105 ev = -0.1505221822E+02 nodes = 3
 iorb = 45 iter =105 ev = -0.1505176713E+02 nodes = 3
 iter =  105 dvmax = 0.212E-06 xmixo =0.174E+00
 iorb = 45 iter =106 ev = -0.1505221822E+02 nodes = 3
 iorb = 45 iter =106 ev = -0.1505176713E+02 nodes = 3
 iter =  106 dvmax = 0.175E-06 xmixo =0.174E+00
 iorb = 45 iter =107 ev = -0.1505221822E+02 nodes = 3
 iorb = 45 iter =107 ev = -0.1505176713E+02 nodes = 3
 iter =  107 dvmax = 0.144E-06 xmixo =0.174E+00
 iorb = 45 iter =108 ev = -0.1505221822E+02 nodes = 3
 iorb = 45 iter =108 ev = -0.1505176713E+02 nodes = 3
 iter =  108 dvmax = 0.119E-06 xmixo =0.174E+00
 iorb = 45 iter =109 ev = -0.1505221822E+02 nodes = 3
 iorb = 45 iter =109 ev = -0.1505176713E+02 nodes = 3
 iter =  109 dvmax = 0.983E-07 xmixo =0.174E+00
 iorb = 45 iter =110 ev = -0.1505221822E+02 nodes = 3
 iorb = 45 iter =110 ev = -0.1505176713E+02 nodes = 3
 iter =  110 dvmax = 0.811E-07 xmixo =0.174E+00
 iorb = 45 iter =111 ev = -0.1505221822E+02 nodes = 3
 iorb = 45 iter =111 ev = -0.1505176713E+02 nodes = 3
 iter =  111 dvmax = 0.670E-07 xmixo =0.174E+00
 iorb = 45 iter =112 ev = -0.1505221822E+02 nodes = 3
 iorb = 45 iter =112 ev = -0.1505176713E+02 nodes = 3
 iter =  112 dvmax = 0.553E-07 xmixo =0.174E+00
 iorb = 45 iter =113 ev = -0.1505221822E+02 nodes = 3
 iorb = 45 iter =113 ev = -0.1505176713E+02 nodes = 3
 iter =  113 dvmax = 0.456E-07 xmixo =0.174E+00
 iorb = 45 iter =114 ev = -0.1505221822E+02 nodes = 3
 iorb = 45 iter =114 ev = -0.1505176713E+02 nodes = 3
 iter =  114 dvmax = 0.377E-07 xmixo =0.174E+00
 iorb = 45 iter =115 ev = -0.1505221822E+02 nodes = 3
 iorb = 45 iter =115 ev = -0.1505176713E+02 nodes = 3
 iter =  115 dvmax = 0.311E-07 xmixo =0.174E+00
 iorb = 45 iter =116 ev = -0.1505221822E+02 nodes = 3
 iorb = 45 iter =116 ev = -0.1505176713E+02 nodes = 3
 iter =  116 dvmax = 0.257E-07 xmixo =0.174E+00
 iorb = 45 iter =117 ev = -0.1505221822E+02 nodes = 3
 iorb = 45 iter =117 ev = -0.1505176713E+02 nodes = 3
 iter =  117 dvmax = 0.212E-07 xmixo =0.174E+00
 iorb = 45 iter =118 ev = -0.1505221822E+02 nodes = 3
 iorb = 45 iter =118 ev = -0.1505176713E+02 nodes = 3
 iter =  118 dvmax = 0.175E-07 xmixo =0.174E+00
 iorb = 45 iter =119 ev = -0.1505221822E+02 nodes = 3
 iorb = 45 iter =119 ev = -0.1505176713E+02 nodes = 3
 iter =  119 dvmax = 0.144E-07 xmixo =0.174E+00
 iorb = 45 iter =120 ev = -0.1505221822E+02 nodes = 3
 iorb = 45 iter =120 ev = -0.1505176713E+02 nodes = 3
 iter =  120 dvmax = 0.119E-07 xmixo =0.174E+00
 iorb = 45 iter =121 ev = -0.1505221822E+02 nodes = 3
 iorb = 45 iter =121 ev = -0.1505176713E+02 nodes = 3
 iter =  121 dvmax = 0.983E-08 xmixo =0.174E+00
 iorb = 45 iter =122 ev = -0.1505221822E+02 nodes = 3
 iorb = 45 iter =122 ev = -0.1505176713E+02 nodes = 3
 iter =  122 dvmax = 0.811E-08 xmixo =0.174E+00
 iorb = 45 iter =123 ev = -0.1505221822E+02 nodes = 3
 iorb = 45 iter =123 ev = -0.1505176713E+02 nodes = 3
 iter =  123 dvmax = 0.669E-08 xmixo =0.174E+00
 iorb = 45 iter =124 ev = -0.1505221822E+02 nodes = 3
 iorb = 45 iter =124 ev = -0.1505176713E+02 nodes = 3
 iter =  124 dvmax = 0.553E-08 xmixo =0.174E+00
 iorb = 45 iter =125 ev = -0.1505221822E+02 nodes = 3
 iorb = 45 iter =125 ev = -0.1505176713E+02 nodes = 3
 iter =  125 dvmax = 0.456E-08 xmixo =0.174E+00
 iorb = 45 iter =126 ev = -0.1505221822E+02 nodes = 3
 iorb = 45 iter =126 ev = -0.1505176713E+02 nodes = 3
 iter =  126 dvmax = 0.376E-08 xmixo =0.174E+00
 iorb = 45 iter =127 ev = -0.1505221822E+02 nodes = 3
 iorb = 45 iter =127 ev = -0.1505176713E+02 nodes = 3
 iter =  127 dvmax = 0.311E-08 xmixo =0.174E+00
 iorb = 45 iter =128 ev = -0.1505221822E+02 nodes = 3
 iorb = 45 iter =128 ev = -0.1505176713E+02 nodes = 3
 iter =  128 dvmax = 0.256E-08 xmixo =0.174E+00
 iorb = 45 iter =129 ev = -0.1505221822E+02 nodes = 3
 iorb = 45 iter =129 ev = -0.1505176713E+02 nodes = 3
 iter =  129 dvmax = 0.212E-08 xmixo =0.174E+00
 iorb = 45 iter =130 ev = -0.1505221822E+02 nodes = 3
 iorb = 45 iter =130 ev = -0.1505176713E+02 nodes = 3
 iter =  130 dvmax = 0.175E-08 xmixo =0.174E+00
 iorb = 45 iter =131 ev = -0.1505221822E+02 nodes = 3
 iorb = 45 iter =131 ev = -0.1505176713E+02 nodes = 3
 iter =  131 dvmax = 0.144E-08 xmixo =0.174E+00
 iorb = 45 iter =132 ev = -0.1505221822E+02 nodes = 3
 iorb = 45 iter =132 ev = -0.1505176713E+02 nodes = 3
 iter =  132 dvmax = 0.119E-08 xmixo =0.174E+00
 iorb = 45 iter =133 ev = -0.1505221822E+02 nodes = 3
 iorb = 45 iter =133 ev = -0.1505176713E+02 nodes = 3
 iter =  133 dvmax = 0.983E-09 xmixo =0.174E+00
 iorb = 45 iter =134 ev = -0.1505221822E+02 nodes = 3
 iorb = 45 iter =134 ev = -0.1505176713E+02 nodes = 3
 iter =  134 dvmax = 0.811E-09 xmixo =0.174E+00
 iorb = 45 iter =135 ev = -0.1505221822E+02 nodes = 3
 iorb = 45 iter =135 ev = -0.1505176713E+02 nodes = 3
 iter =  135 dvmax = 0.670E-09 xmixo =0.174E+00
 iorb = 45 iter =136 ev = -0.1505221822E+02 nodes = 3
 iorb = 45 iter =136 ev = -0.1505176713E+02 nodes = 3
 iter =  136 dvmax = 0.553E-09 xmixo =0.174E+00
 iorb = 45 iter =137 ev = -0.1505221822E+02 nodes = 3
 iorb = 45 iter =137 ev = -0.1505176713E+02 nodes = 3
 iter =  137 dvmax = 0.456E-09 xmixo =0.174E+00
 iorb = 45 iter =138 ev = -0.1505221822E+02 nodes = 3
 iorb = 45 iter =138 ev = -0.1505176713E+02 nodes = 3
 iter =  138 dvmax = 0.377E-09 xmixo =0.174E+00
 iorb = 45 iter =139 ev = -0.1505221822E+02 nodes = 3
 iorb = 45 iter =139 ev = -0.1505176713E+02 nodes = 3
 iter =  139 dvmax = 0.311E-09 xmixo =0.174E+00
 iorb = 45 iter =140 ev = -0.1505221822E+02 nodes = 3
 iorb = 45 iter =140 ev = -0.1505176713E+02 nodes = 3
 iter =  140 dvmax = 0.257E-09 xmixo =0.174E+00
 iorb = 45 iter =141 ev = -0.1505221822E+02 nodes = 3
 iorb = 45 iter =141 ev = -0.1505176713E+02 nodes = 3
 iter =  141 dvmax = 0.212E-09 xmixo =0.174E+00
 iorb = 45 iter =142 ev = -0.1505221822E+02 nodes = 3
 iorb = 45 iter =142 ev = -0.1505176713E+02 nodes = 3
 iter =  142 dvmax = 0.175E-09 xmixo =0.174E+00
 iorb = 45 iter =143 ev = -0.1505221822E+02 nodes = 3
 iorb = 45 iter =143 ev = -0.1505176713E+02 nodes = 3
 iter =  143 dvmax = 0.144E-09 xmixo =0.174E+00
 iorb = 45 iter =144 ev = -0.1505221822E+02 nodes = 3
 iorb = 45 iter =144 ev = -0.1505176713E+02 nodes = 3
 iter =  144 dvmax = 0.119E-09 xmixo =0.174E+00
 iorb = 45 iter =145 ev = -0.1505221822E+02 nodes = 3
 iorb = 45 iter =145 ev = -0.1505176713E+02 nodes = 3
 iter =  145 dvmax = 0.983E-10 xmixo =0.174E+00
 iorb = 45 iter =146 ev = -0.1505221822E+02 nodes = 3
 iorb = 45 iter =146 ev = -0.1505176713E+02 nodes = 3
 iter =  146 dvmax = 0.812E-10 xmixo =0.174E+00
 iorb = 45 iter =147 ev = -0.1505221822E+02 nodes = 3
 iorb = 45 iter =147 ev = -0.1505176713E+02 nodes = 3
 iter =  147 dvmax = 0.670E-10 xmixo =0.174E+00
 iorb = 45 iter =148 ev = -0.1505221822E+02 nodes = 3
 iorb = 45 iter =148 ev = -0.1505176713E+02 nodes = 3
 iter =  148 dvmax = 0.553E-10 xmixo =0.174E+00
 iorb = 45 iter =149 ev = -0.1505221822E+02 nodes = 3
 iorb = 45 iter =149 ev = -0.1505176713E+02 nodes = 3
 iter =  149 dvmax = 0.456E-10 xmixo =0.174E+00
 iorb = 45 iter =150 ev = -0.1505221822E+02 nodes = 3
 iorb = 45 iter =150 ev = -0.1505176713E+02 nodes = 3
 iter =  150 dvmax = 0.377E-10 xmixo =0.174E+00
 iorb = 45 iter =151 ev = -0.1505221822E+02 nodes = 3
 iorb = 45 iter =151 ev = -0.1505176713E+02 nodes = 3
 iter =  151 dvmax = 0.311E-10 xmixo =0.174E+00
 iorb = 45 iter =152 ev = -0.1505221822E+02 nodes = 3
 iorb = 45 iter =152 ev = -0.1505176713E+02 nodes = 3
 iter =  152 dvmax = 0.257E-10 xmixo =0.174E+00
 iorb = 45 iter =153 ev = -0.1505221822E+02 nodes = 3
 iorb = 45 iter =153 ev = -0.1505176713E+02 nodes = 3
 iter =  153 dvmax = 0.212E-10 xmixo =0.174E+00
 iorb = 45 iter =154 ev = -0.1505221822E+02 nodes = 3
 iorb = 45 iter =154 ev = -0.1505176713E+02 nodes = 3
 iter =  154 dvmax = 0.175E-10 xmixo =0.174E+00
 iorb = 45 iter =155 ev = -0.1505221822E+02 nodes = 3
 iorb = 45 iter =155 ev = -0.1505176713E+02 nodes = 3
 iter =  155 dvmax = 0.144E-10 xmixo =0.174E+00
 iorb = 45 iter =156 ev = -0.1505221822E+02 nodes = 3
 iorb = 45 iter =156 ev = -0.1505176713E+02 nodes = 3
 iter =  156 dvmax = 0.119E-10 xmixo =0.174E+00
 iorb = 45 iter =157 ev = -0.1505221822E+02 nodes = 3
 iorb = 45 iter =157 ev = -0.1505176713E+02 nodes = 3
 iter =  157 dvmax = 0.984E-11 xmixo =0.174E+00
 warning: ircov > ninf ! (ircov set to ninf)

 rcov         =    2.6800000000000002     
 charge(rcov) = int_0^rcov g^2 r^2 dr   +  int_0^infinity f^2 r^2 dr
 dcharge      = int_0^infinity (f^2+g^2) r^4 dr 
 ddcharge     = int_0^infinity (f^2+g^2) r^6 dr 

 nl   s    occ    eigenvalue   charge(rcov)    dcharge    ddcharge
 1s 0.5   2.000-0.4223691E+04 0.1000000E+01 0.26395E-03 0.19905E-06
     r extr       0.01
 2s 0.5   2.000-0.7897635E+03 0.1000000E+01 0.38879E-02 0.27002E-04
     r extr       0.01   0.05
 2p-0.5   2.000-0.7616482E+03 0.1000000E+01 0.26818E-02 0.15471E-04
     r extr       0.04
 2p 0.5   4.000-0.6231219E+03 0.1000000E+01 0.38446E-02 0.29043E-04
     r extr       0.04
 3s 0.5   2.000-0.1997023E+03 0.1000000E+01 0.25124E-01 0.95885E-03
     r extr       0.01   0.04   0.14
 3p-0.5   2.000-0.1869363E+03 0.1000000E+01 0.22571E-01 0.81338E-03
     r extr       0.03   0.13
 3p 0.5   4.000-0.1549735E+03 0.1000000E+01 0.28680E-01 0.12873E-02
     r extr       0.03   0.14
 3d-0.5   4.000-0.1348140E+03 0.1000000E+01 0.21488E-01 0.81259E-03
     r extr       0.11
 3d 0.5   6.000-0.1282894E+03 0.1000000E+01 0.23115E-01 0.92723E-03
     r extr       0.12
 4s 0.5   2.000-0.5106130E+02 0.1000000E+01 0.11652E+00 0.19474E-01
     r extr       0.01   0.04   0.11   0.31
 4p-0.5   2.000-0.4530954E+02 0.1000000E+01 0.11621E+00 0.19828E-01
     r extr       0.02   0.10   0.30
 4p 0.5   4.000-0.3696098E+02 0.1000000E+01 0.14383E+00 0.30171E-01
     r extr       0.03   0.12   0.34
 4d-0.5   4.000-0.2780171E+02 0.1000000E+01 0.14301E+00 0.31580E-01
     r extr       0.09   0.32
 4d 0.5   6.000-0.2625783E+02 0.1000000E+01 0.15181E+00 0.35481E-01
     r extr       0.09   0.33
 4f-0.5   6.000-0.1416179E+02 0.1000000E+01 0.14536E+00 0.37808E-01
     r extr       0.28
 4f 0.5   8.000-0.1375775E+02 0.1000000E+01 0.14972E+00 0.40015E-01
     r extr       0.29
 5s 0.5   2.000-0.1156788E+02 0.1000000E+01 0.50057E+00 0.35175E+00
     r extr       0.01   0.04   0.11   0.26   0.64
 6s 0.5   2.000-0.2022141E+01 0.9840093E+00 0.24272E+01 0.84456E+01
     r extr       0.01   0.04   0.11   0.25   0.54   1.35
 7s 0.5   2.000-0.3715703E+00 0.1752961E+00 0.15087E+02 0.33014E+03
     r extr       0.01   0.04   0.11   0.25   0.54   1.18   3.29
 8s 0.5   0.000-0.1078715E+00 0.4262722E-01 0.72760E+02 0.75406E+04
     r extr       0.01   0.04   0.11   0.25   0.53   1.16   2.80   7.53
 9s 0.5   0.000-0.4605307E-01 0.1030217E-01 0.31085E+03 0.13086E+06
     r extr       0.01   0.04   0.11   0.25   0.53   1.16   2.74   6.43  16.09
 5p-0.5   2.000-0.9330313E+01 0.9999998E+00 0.54430E+00 0.42346E+00
     r extr       0.02   0.10   0.25   0.65
 5p 0.5   4.000-0.7341819E+01 0.9999979E+00 0.67499E+00 0.65208E+00
     r extr       0.03   0.11   0.28   0.73
 6p-0.5   2.000-0.1373296E+01 0.9543158E+00 0.30465E+01 0.13740E+02
     r extr       0.02   0.10   0.25   0.56   1.48
 6p 0.5   4.000-0.1044119E+01 0.8928953E+00 0.39761E+01 0.23624E+02
     r extr       0.03   0.11   0.28   0.63   1.67
 7p-0.5   0.000-0.2451105E+00 0.8228331E-01 0.21918E+02 0.70543E+03
     r extr       0.02   0.10   0.25   0.55   1.29   3.93
 7p 0.5   0.000-0.2059683E+00 0.5997020E-01 0.27492E+02 0.11002E+04
     r extr       0.03   0.11   0.28   0.62   1.46   4.45
 8p-0.5   0.000-0.7372226E-01 0.1944232E-01 0.11495E+03 0.19081E+05
     r extr       0.02   0.10   0.25   0.55   1.27   3.32   9.33
 8p 0.5   0.000-0.6508286E-01 0.1297085E-01 0.14311E+03 0.29325E+05
     r extr       0.03   0.11   0.28   0.62   1.44   3.75  10.44
 9p-0.5   0.000-0.3619963E-01 0.5524686E-02 0.45784E+03 0.27903E+06
     r extr       0.02   0.10   0.25   0.55   1.27   3.24   7.92  19.94
 9p 0.5   0.000-0.3365173E-01 0.4090790E-02 0.52800E+03 0.36653E+06
     r extr       0.03   0.11   0.28   0.62   1.44   3.67   8.82  21.71
 5d-0.5   4.000-0.4070365E+01 0.9999287E+00 0.85773E+00 0.11135E+01
     r extr       0.08   0.27   0.78
 5d 0.5   6.000-0.3774286E+01 0.9998824E+00 0.91454E+00 0.12682E+01
     r extr       0.09   0.28   0.81
 6d-0.5   0.000-0.3424590E+00 0.5165645E+00 0.90764E+01 0.13899E+03
     r extr       0.08   0.26   0.68   2.27
 6d 0.5   0.000-0.3193134E+00 0.4685486E+00 0.99309E+01 0.16613E+03
     r extr       0.09   0.27   0.70   2.37
 7d-0.5   0.000-0.8091423E-01 0.5583507E-01 0.72340E+02 0.80480E+04
     r extr       0.08   0.26   0.68   1.97   7.05
 7d 0.5   0.000-0.7755788E-01 0.5540675E-01 0.77442E+02 0.92271E+04
     r extr       0.09   0.27   0.70   2.05   7.30
 8d-0.5   0.000-0.3585653E-01 0.1060048E-01 0.38734E+03 0.20597E+06
     r extr       0.08   0.26   0.68   1.94   5.98  17.70
 8d 0.5   0.000-0.3518037E-01 0.1094827E-01 0.40439E+03 0.22359E+06
     r extr       0.09   0.27   0.70   2.02   6.19  18.17
 5f-0.5   1.286-0.4174161E+00 0.9427686E+00 0.25583E+01 0.14696E+02
     r extr       0.23   1.05
 5f 0.5   1.714-0.3860168E+00 0.9332512E+00 0.27283E+01 0.17027E+02
     r extr       0.24   1.07
 6f-0.5   0.000-0.4421076E-01 0.6697923E-02 0.11786E+03 0.25023E+05
     r extr       0.23   0.97   7.78
 6f 0.5   0.000-0.4387401E-01 0.7159310E-02 0.12051E+03 0.26077E+05
     r extr       0.23   0.99   7.88
 7f-0.5   0.000-0.2603816E-01 0.1693754E-02 0.67030E+03 0.59042E+06
     r extr       0.23   0.97   6.43  24.02
 iorb = 45 iter =158 ev = -0.1505221822E+02 nodes = 3
 iorb = 45 iter =158 ev = -0.1505176713E+02 nodes = 3
 7f 0.5   0.000-0.2588356E-01 0.1328673E-08 0.53248E-03 0.48408E+00
     r extr       0.23   0.99   6.52  24.46
 5g-0.5   0.000-0.2120886E-01 0.1272332E-05 0.80661E+03 0.80822E+06
     r extr      27.27
 5g 0.5   0.000-0.2120885E-01 0.1157133E-05 0.80661E+03 0.80822E+06
     r extr      27.27

 U  output data for orbitals
 ---------------------------

 nl    s      occ         eigenvalue    kinetic energy      pot energy

 1s   0.5    2.0000   -4223.69079025       0.00000000  -11257.60541640
 2s   0.5    2.0000    -789.76350071       0.00000000   -2843.80174448
 2p  -0.5    2.0000    -761.64820907       0.00000000   -2830.70186283
 2p   0.5    4.0000    -623.12193903       0.00000000   -2089.62560306
 3s   0.5    2.0000    -199.70226777       0.00000000   -1035.00953785
 3p  -0.5    2.0000    -186.93627129       0.00000000   -1024.79280560
 3p   0.5    4.0000    -154.97347896       0.00000000    -828.41160183
 3d  -0.5    4.0000    -134.81395447       0.00000000    -820.26706762
 3d   0.5    6.0000    -128.28936774       0.00000000    -780.47221512
 4s   0.5    2.0000     -51.06130232       0.00000000    -443.87393260
 4p  -0.5    2.0000     -45.30953910       0.00000000    -433.38416852
 4p   0.5    4.0000     -36.96098126       0.00000000    -365.41211986
 4d  -0.5    4.0000     -27.80171413       0.00000000    -349.31512214
 4d   0.5    6.0000     -26.25783264       0.00000000    -335.27661658
 4f  -0.5    6.0000     -14.16178951       0.00000000    -311.05465634
 4f   0.5    8.0000     -13.75774534       0.00000000    -305.77660343
 5s   0.5    2.0000     -11.56788012       0.00000000    -197.22940953
 6s   0.5    2.0000      -2.02214076       0.00000000     -83.21516705
 7s   0.5    2.0000      -0.37157030       0.00000000     -31.51904771
 8s   0.5    0.0000      -0.10787147       0.00000000     -14.59647793
 9s   0.5    0.0000      -0.04605307       0.00000000      -6.97549734
 5p  -0.5    2.0000      -9.33031259       0.00000000    -186.83833506
 5p   0.5    4.0000      -7.34181915       0.00000000    -161.55109470
 6p  -0.5    2.0000      -1.37329626       0.00000000     -73.67908209
 6p   0.5    4.0000      -1.04411870       0.00000000     -63.20162035
 7p  -0.5    0.0000      -0.24511048       0.00000000     -25.96459603
 7p   0.5    0.0000      -0.20596834       0.00000000     -23.08225662
 8p  -0.5    0.0000      -0.07372226       0.00000000     -11.62184845
 8p   0.5    0.0000      -0.06508286       0.00000000     -10.32859959
 9p  -0.5    0.0000      -0.03619963       0.00000000      -5.81793116
 9p   0.5    0.0000      -0.03365173       0.00000000      -5.42347820
 5d  -0.5    4.0000      -4.07036525       0.00000000    -141.13245293
 5d   0.5    6.0000      -3.77428590       0.00000000    -135.83605752
 6d  -0.5    0.0000      -0.34245896       0.00000000     -41.87881614
 6d   0.5    0.0000      -0.31931338       0.00000000     -39.89074452
 7d  -0.5    0.0000      -0.08091423       0.00000000     -14.89549379
 7d   0.5    0.0000      -0.07755788       0.00000000     -14.44590540
 8d  -0.5    0.0000      -0.03585653       0.00000000      -6.32367562
 8d   0.5    0.0000      -0.03518037       0.00000000      -6.20920312
 5f  -0.5    1.2857      -0.41741615       0.00000000     -85.93009668
 5f   0.5    1.7143      -0.38601683       0.00000000     -83.57064534
 6f  -0.5    0.0000      -0.04421076       0.00000000     -11.42527241
 6f   0.5    0.0000      -0.04387401       0.00000000     -11.32994897
 7f  -0.5    0.0000      -0.02603816       0.00000000      -4.90546051
 7f   0.5    0.0000      -0.02588356       0.00000000       7.49999059
 5g  -0.5    0.0000      -0.02120886       0.00000000      -3.62956530
 5g   0.5    0.0000      -0.02120885       0.00000000      -3.62955863


 total energies
 --------------

 sum of eigenvalues        =   -17672.22768343
 kinetic energy from ek    =        0.00000000
 el-ion interaction energy =   -72234.76336642
 el-el  interaction energy =    10430.31754798
 vxc    correction         =     -497.40054912
 exchange + corr energy    =     -395.78027971
 kinetic energy from ev    =    34199.30113615
 potential energy          =   -0.62200226E+05
 ---------------------------------------------
 total energy              =   -28000.92496201
 Reached end of file atom.dat
