 Gd all electron calculation  
 ---------------------------

 r e l a t i v i s t i c ! !

 correlation = NIST         non spin-polarized

 nuclear charge             = 64.000000
 number of core orbitals    = 14
 number of valence orbitals = 26
 electronic charge          = 64.000000
 ionic charge               =  0.000000


 input data for orbitals

  i    n    l    s     j     occ

  1    1    0   0.5   0.5    2.0000
  2    2    0   0.5   0.5    2.0000
  3    2    1  -0.5   0.5    2.0000
  4    2    1   0.5   1.5    4.0000
  5    3    0   0.5   0.5    2.0000
  6    3    1  -0.5   0.5    2.0000
  7    3    1   0.5   1.5    4.0000
  8    3    2  -0.5   1.5    4.0000
  9    3    2   0.5   2.5    6.0000
 10    4    0   0.5   0.5    2.0000
 11    4    1  -0.5   0.5    2.0000
 12    4    1   0.5   1.5    4.0000
 13    4    2  -0.5   1.5    4.0000
 14    4    2   0.5   2.5    6.0000
 15    5    0   0.5   0.5    2.0000
 16    6    0   0.5   0.5    2.0000
 17    7    0   0.5   0.5    0.0000
 18    8    0   0.5   0.5    0.0000
 19    5    1  -0.5   0.5    2.0000
 20    5    1   0.5   1.5    4.0000
 21    6    1  -0.5   0.5    0.0000
 22    6    1   0.5   1.5    0.0000
 23    7    1  -0.5   0.5    0.0000
 24    7    1   0.5   1.5    0.0000
 25    8    1  -0.5   0.5    0.0000
 26    8    1   0.5   1.5    0.0000
 27    5    2  -0.5   1.5    0.4000
 28    5    2   0.5   2.5    0.6000
 29    6    2  -0.5   1.5    0.0000
 30    6    2   0.5   2.5    0.0000
 31    7    2  -0.5   1.5    0.0000
 32    7    2   0.5   2.5    0.0000
 33    4    3  -0.5   2.5    3.0000
 34    4    3   0.5   3.5    4.0000
 35    5    3  -0.5   2.5    0.0000
 36    5    3   0.5   3.5    0.0000
 37    6    3  -0.5   2.5    0.0000
 38    6    3   0.5   3.5    0.0000
 39    5    4  -0.5   3.5    0.0000
 40    5    4   0.5   4.5    0.0000


 radial grid parameters

 r(1) = .0 , r(2) =0.436762E-07 , ... , r(1903) = 39.91926748
 a =  8.00425768  b =120.00000000


 warning *** charge density rescaled in velect
 iteration number   1   scaling factor =  1.00    

 iter =    1 dvmax = 0.411E+00 xmixo =0.235E+00
 iter =    2 dvmax = 0.329E+00 xmixo =0.235E+00
 iorb = 18 iter =  3 ev = -0.1609501142E+02 nodes =14
 iorb = 18 iter =  3 ev = -0.1448551028E+02 nodes = 6
 iter =    3 dvmax = 0.238E+00 xmixo =0.235E+00
 iter =    4 dvmax = 0.167E+00 xmixo =0.235E+00
 iorb = 18 iter =  5 ev = -0.1369492725E+02 nodes = 6
 iorb = 18 iter =  5 ev = -0.1506441997E+02 nodes =19
 iorb = 25 iter =  5 ev = -0.1369072920E+02 nodes = 5
 iorb = 25 iter =  5 ev = -0.1505980212E+02 nodes =18
 iorb = 31 iter =  5 ev = -0.1368527784E+02 nodes = 3
 iorb = 31 iter =  5 ev = -0.1505380562E+02 nodes =16
 iorb = 32 iter =  5 ev = -0.1368548823E+02 nodes = 3
 iorb = 32 iter =  5 ev = -0.1505403706E+02 nodes =16
 iorb = 37 iter =  5 ev = -0.1506439375E+02 nodes =14
 iorb = 37 iter =  5 ev = -0.1355795438E+02 nodes = 1
 iorb = 38 iter =  5 ev = -0.1506426333E+02 nodes =14
 iorb = 38 iter =  5 ev = -0.1355783700E+02 nodes = 1
 iter =    5 dvmax = 0.115E+00 xmixo =0.235E+00
 iorb = 18 iter =  6 ev = -0.1512759840E+02 nodes =18
 iorb = 18 iter =  6 ev = -0.1361483856E+02 nodes = 6
 iorb = 25 iter =  6 ev = -0.1512296118E+02 nodes =17
 iorb = 25 iter =  6 ev = -0.1361066506E+02 nodes = 5
 iorb = 29 iter =  6 ev = -0.1500546174E+02 nodes = 3
 iorb = 29 iter =  6 ev = -0.1500545696E+02 nodes = 3
 iorb = 31 iter =  6 ev = -0.1511693953E+02 nodes =16
 iorb = 31 iter =  6 ev = -0.1360524558E+02 nodes = 3
 iorb = 32 iter =  6 ev = -0.1511717194E+02 nodes =16
 iorb = 32 iter =  6 ev = -0.1360545474E+02 nodes = 3
 iter =    6 dvmax = 0.770E-01 xmixo =0.235E+00
 iorb = 18 iter =  7 ev = -0.1367193761E+02 nodes = 6
 iorb = 18 iter =  7 ev = -0.1503913137E+02 nodes =19
 iorb = 25 iter =  7 ev = -0.1366774661E+02 nodes = 4
 iorb = 25 iter =  7 ev = -0.1503452127E+02 nodes =17
 iorb = 31 iter =  7 ev = -0.1366230439E+02 nodes = 2
 iorb = 31 iter =  7 ev = -0.1502853483E+02 nodes =16
 iorb = 32 iter =  7 ev = -0.1366251444E+02 nodes = 2
 iorb = 32 iter =  7 ev = -0.1502876588E+02 nodes =16
 iter =    7 dvmax = 0.514E-01 xmixo =0.235E+00
 iorb = 18 iter =  8 ev = -0.1510220374E+02 nodes =18
 iorb = 18 iter =  8 ev = -0.1359198336E+02 nodes = 6
 iorb = 25 iter =  8 ev = -0.1509757430E+02 nodes =17
 iorb = 25 iter =  8 ev = -0.1358781687E+02 nodes = 4
 iorb = 31 iter =  8 ev = -0.1509156276E+02 nodes =15
 iorb = 31 iter =  8 ev = -0.1358240649E+02 nodes = 3
 iorb = 32 iter =  8 ev = -0.1509179478E+02 nodes =15
 iorb = 32 iter =  8 ev = -0.1358261530E+02 nodes = 3
 iter =    8 dvmax = 0.348E-01 xmixo =0.235E+00
 iorb = 18 iter =  9 ev = -0.1364898656E+02 nodes = 6
 iorb = 18 iter =  9 ev = -0.1501388522E+02 nodes =19
 iorb = 25 iter =  9 ev = -0.1364480260E+02 nodes = 4
 iorb = 25 iter =  9 ev = -0.1500928286E+02 nodes =17
 iorb = 31 iter =  9 ev = -0.1363936952E+02 nodes = 2
 iorb = 31 iter =  9 ev = -0.1500330647E+02 nodes =16
 iorb = 32 iter =  9 ev = -0.1363957921E+02 nodes = 2
 iorb = 32 iter =  9 ev = -0.1500353713E+02 nodes =16
 iter =    9 dvmax = 0.242E-01 xmixo =0.235E+00
 iorb = 25 iter = 10 ev = -0.1507223004E+02 nodes =17
 iorb = 25 iter = 10 ev = -0.1356500704E+02 nodes = 5
 iorb = 31 iter = 10 ev = -0.1506622859E+02 nodes =16
 iorb = 31 iter = 10 ev = -0.1355960573E+02 nodes = 3
 iorb = 32 iter = 10 ev = -0.1506646022E+02 nodes =16
 iorb = 32 iter = 10 ev = -0.1355981420E+02 nodes = 3
 iter =   10 dvmax = 0.173E-01 xmixo =0.235E+00
 iter =   11 dvmax = 0.125E-01 xmixo =0.235E+00
 iter =   12 dvmax = 0.913E-02 xmixo =0.235E+00
 iter =   13 dvmax = 0.667E-02 xmixo =0.235E+00
 iter =   14 dvmax = 0.488E-02 xmixo =0.235E+00
 iter =   15 dvmax = 0.358E-02 xmixo =0.235E+00
 iter =   16 dvmax = 0.263E-02 xmixo =0.235E+00
 iter =   17 dvmax = 0.194E-02 xmixo =0.235E+00
 iter =   18 dvmax = 0.143E-02 xmixo =0.235E+00
 iter =   19 dvmax = 0.105E-02 xmixo =0.235E+00
 iter =   20 dvmax = 0.779E-03 xmixo =0.235E+00
 iter =   21 dvmax = 0.576E-03 xmixo =0.235E+00
 iter =   22 dvmax = 0.427E-03 xmixo =0.235E+00
 iter =   23 dvmax = 0.317E-03 xmixo =0.235E+00
 iter =   24 dvmax = 0.235E-03 xmixo =0.235E+00
 iter =   25 dvmax = 0.175E-03 xmixo =0.235E+00
 iter =   26 dvmax = 0.130E-03 xmixo =0.235E+00
 iter =   27 dvmax = 0.967E-04 xmixo =0.235E+00
 iter =   28 dvmax = 0.721E-04 xmixo =0.235E+00
 iter =   29 dvmax = 0.537E-04 xmixo =0.235E+00
 Switching from LDA to the requested functional
 iter =   30 dvmax = 0.175E+00 xmixo =0.188E+00
 iter =   31 dvmax = 0.142E+00 xmixo =0.188E+00
 iter =   32 dvmax = 0.115E+00 xmixo =0.188E+00
 iter =   33 dvmax = 0.933E-01 xmixo =0.188E+00
 iter =   34 dvmax = 0.757E-01 xmixo =0.188E+00
 iter =   35 dvmax = 0.614E-01 xmixo =0.188E+00
 iter =   36 dvmax = 0.498E-01 xmixo =0.188E+00
 iter =   37 dvmax = 0.404E-01 xmixo =0.188E+00
 iter =   38 dvmax = 0.327E-01 xmixo =0.188E+00
 iter =   39 dvmax = 0.266E-01 xmixo =0.188E+00
 iter =   40 dvmax = 0.215E-01 xmixo =0.188E+00
 iter =   41 dvmax = 0.175E-01 xmixo =0.188E+00
 iter =   42 dvmax = 0.142E-01 xmixo =0.188E+00
 iter =   43 dvmax = 0.115E-01 xmixo =0.188E+00
 iter =   44 dvmax = 0.932E-02 xmixo =0.188E+00
 iter =   45 dvmax = 0.756E-02 xmixo =0.188E+00
 iter =   46 dvmax = 0.614E-02 xmixo =0.188E+00
 iter =   47 dvmax = 0.498E-02 xmixo =0.188E+00
 iter =   48 dvmax = 0.404E-02 xmixo =0.188E+00
 iter =   49 dvmax = 0.327E-02 xmixo =0.188E+00
 iter =   50 dvmax = 0.266E-02 xmixo =0.188E+00
 iter =   51 dvmax = 0.216E-02 xmixo =0.188E+00
 iter =   52 dvmax = 0.175E-02 xmixo =0.188E+00
 iter =   53 dvmax = 0.142E-02 xmixo =0.188E+00
 iter =   54 dvmax = 0.115E-02 xmixo =0.188E+00
 iter =   55 dvmax = 0.933E-03 xmixo =0.188E+00
 iter =   56 dvmax = 0.757E-03 xmixo =0.188E+00
 iter =   57 dvmax = 0.614E-03 xmixo =0.188E+00
 iter =   58 dvmax = 0.498E-03 xmixo =0.188E+00
 iter =   59 dvmax = 0.404E-03 xmixo =0.188E+00
 iter =   60 dvmax = 0.328E-03 xmixo =0.188E+00
 iter =   61 dvmax = 0.266E-03 xmixo =0.188E+00
 iter =   62 dvmax = 0.216E-03 xmixo =0.188E+00
 iter =   63 dvmax = 0.175E-03 xmixo =0.188E+00
 iter =   64 dvmax = 0.142E-03 xmixo =0.188E+00
 iter =   65 dvmax = 0.115E-03 xmixo =0.188E+00
 iter =   66 dvmax = 0.936E-04 xmixo =0.188E+00
 iter =   67 dvmax = 0.759E-04 xmixo =0.188E+00
 iter =   68 dvmax = 0.616E-04 xmixo =0.188E+00
 iter =   69 dvmax = 0.500E-04 xmixo =0.188E+00
 iter =   70 dvmax = 0.405E-04 xmixo =0.188E+00
 iter =   71 dvmax = 0.329E-04 xmixo =0.188E+00
 iter =   72 dvmax = 0.267E-04 xmixo =0.188E+00
 iter =   73 dvmax = 0.217E-04 xmixo =0.188E+00
 iter =   74 dvmax = 0.176E-04 xmixo =0.188E+00
 iter =   75 dvmax = 0.143E-04 xmixo =0.188E+00
 iter =   76 dvmax = 0.116E-04 xmixo =0.188E+00
 iter =   77 dvmax = 0.939E-05 xmixo =0.188E+00
 iter =   78 dvmax = 0.762E-05 xmixo =0.188E+00
 iter =   79 dvmax = 0.618E-05 xmixo =0.188E+00
 iter =   80 dvmax = 0.502E-05 xmixo =0.188E+00
 iter =   81 dvmax = 0.407E-05 xmixo =0.188E+00
 iter =   82 dvmax = 0.330E-05 xmixo =0.188E+00
 iter =   83 dvmax = 0.268E-05 xmixo =0.188E+00
 iter =   84 dvmax = 0.217E-05 xmixo =0.188E+00
 iter =   85 dvmax = 0.176E-05 xmixo =0.188E+00
 iter =   86 dvmax = 0.143E-05 xmixo =0.188E+00
 iter =   87 dvmax = 0.116E-05 xmixo =0.188E+00
 iter =   88 dvmax = 0.943E-06 xmixo =0.188E+00
 iter =   89 dvmax = 0.765E-06 xmixo =0.188E+00
 iter =   90 dvmax = 0.621E-06 xmixo =0.188E+00
 iter =   91 dvmax = 0.504E-06 xmixo =0.188E+00
 iter =   92 dvmax = 0.409E-06 xmixo =0.188E+00
 iter =   93 dvmax = 0.332E-06 xmixo =0.188E+00
 iter =   94 dvmax = 0.269E-06 xmixo =0.188E+00
 iter =   95 dvmax = 0.218E-06 xmixo =0.188E+00
 iter =   96 dvmax = 0.177E-06 xmixo =0.188E+00
 iter =   97 dvmax = 0.144E-06 xmixo =0.188E+00
 iter =   98 dvmax = 0.117E-06 xmixo =0.188E+00
 iter =   99 dvmax = 0.947E-07 xmixo =0.188E+00
 iter =  100 dvmax = 0.769E-07 xmixo =0.188E+00
 iter =  101 dvmax = 0.624E-07 xmixo =0.188E+00
 iter =  102 dvmax = 0.506E-07 xmixo =0.188E+00
 iter =  103 dvmax = 0.411E-07 xmixo =0.188E+00
 iter =  104 dvmax = 0.333E-07 xmixo =0.188E+00
 iter =  105 dvmax = 0.271E-07 xmixo =0.188E+00
 iter =  106 dvmax = 0.220E-07 xmixo =0.188E+00
 iter =  107 dvmax = 0.178E-07 xmixo =0.188E+00
 iter =  108 dvmax = 0.145E-07 xmixo =0.188E+00
 iter =  109 dvmax = 0.117E-07 xmixo =0.188E+00
 iter =  110 dvmax = 0.953E-08 xmixo =0.188E+00
 iter =  111 dvmax = 0.773E-08 xmixo =0.188E+00
 iter =  112 dvmax = 0.627E-08 xmixo =0.188E+00
 iter =  113 dvmax = 0.509E-08 xmixo =0.188E+00
 iter =  114 dvmax = 0.413E-08 xmixo =0.188E+00
 iter =  115 dvmax = 0.335E-08 xmixo =0.188E+00
 iter =  116 dvmax = 0.272E-08 xmixo =0.188E+00
 iter =  117 dvmax = 0.221E-08 xmixo =0.188E+00
 iter =  118 dvmax = 0.179E-08 xmixo =0.188E+00
 iter =  119 dvmax = 0.145E-08 xmixo =0.188E+00
 iter =  120 dvmax = 0.118E-08 xmixo =0.188E+00
 iter =  121 dvmax = 0.958E-09 xmixo =0.188E+00
 iter =  122 dvmax = 0.778E-09 xmixo =0.188E+00
 iter =  123 dvmax = 0.631E-09 xmixo =0.188E+00
 iter =  124 dvmax = 0.512E-09 xmixo =0.188E+00
 iter =  125 dvmax = 0.416E-09 xmixo =0.188E+00
 iter =  126 dvmax = 0.337E-09 xmixo =0.188E+00
 iter =  127 dvmax = 0.274E-09 xmixo =0.188E+00
 iter =  128 dvmax = 0.222E-09 xmixo =0.188E+00
 iter =  129 dvmax = 0.180E-09 xmixo =0.188E+00
 iter =  130 dvmax = 0.146E-09 xmixo =0.188E+00
 iter =  131 dvmax = 0.119E-09 xmixo =0.188E+00
 iter =  132 dvmax = 0.964E-10 xmixo =0.188E+00
 iter =  133 dvmax = 0.783E-10 xmixo =0.188E+00
 iter =  134 dvmax = 0.635E-10 xmixo =0.188E+00
 iter =  135 dvmax = 0.516E-10 xmixo =0.188E+00
 iter =  136 dvmax = 0.418E-10 xmixo =0.188E+00
 iter =  137 dvmax = 0.340E-10 xmixo =0.188E+00
 iter =  138 dvmax = 0.276E-10 xmixo =0.188E+00
 iter =  139 dvmax = 0.224E-10 xmixo =0.188E+00
 iter =  140 dvmax = 0.182E-10 xmixo =0.188E+00
 iter =  141 dvmax = 0.147E-10 xmixo =0.188E+00
 iter =  142 dvmax = 0.120E-10 xmixo =0.188E+00
 iter =  143 dvmax = 0.971E-11 xmixo =0.188E+00

 rcov         =    3.0400000000000000     
 charge(rcov) = int_0^rcov g^2 r^2 dr   +  int_0^infinity f^2 r^2 dr
 dcharge      = int_0^infinity (f^2+g^2) r^4 dr 
 ddcharge     = int_0^infinity (f^2+g^2) r^6 dr 

 nl   s    occ    eigenvalue   charge(rcov)    dcharge    ddcharge
 1s 0.5   2.000-0.1827513E+04 0.1000000E+01 0.66003E-03 0.11584E-05
     r extr       0.01
 2s 0.5   2.000-0.3020055E+03 0.1000000E+01 0.10284E-01 0.18317E-03
     r extr       0.01   0.08
 2p-0.5   2.000-0.2870774E+03 0.1000000E+01 0.74582E-02 0.11307E-03
     r extr       0.06
 2p 0.5   4.000-0.2617914E+03 0.1000000E+01 0.86895E-02 0.14819E-03
     r extr       0.07
 3s 0.5   2.000-0.6696945E+02 0.1000000E+01 0.68602E-01 0.71183E-02
     r extr       0.01   0.06   0.23
 3p-0.5   2.000-0.6044304E+02 0.1000000E+01 0.63816E-01 0.64553E-02
     r extr       0.05   0.21
 3p 0.5   4.000-0.5525315E+02 0.1000000E+01 0.70881E-01 0.79041E-02
     r extr       0.05   0.22
 3d-0.5   4.000-0.4389836E+02 0.1000000E+01 0.56490E-01 0.57041E-02
     r extr       0.18
 3d 0.5   6.000-0.4276154E+02 0.1000000E+01 0.58465E-01 0.60742E-02
     r extr       0.18
 4s 0.5   2.000-0.1346705E+02 0.1000000E+01 0.34695E+00 0.17528E+00
     r extr       0.01   0.06   0.19   0.52
 4p-0.5   2.000-0.1091905E+02 0.1000000E+01 0.36448E+00 0.19896E+00
     r extr       0.04   0.17   0.52
 4p 0.5   4.000-0.9756722E+01 0.1000000E+01 0.40347E+00 0.24378E+00
     r extr       0.05   0.18   0.55
 4d-0.5   4.000-0.5537591E+01 0.9999998E+00 0.46167E+00 0.34720E+00
     r extr       0.14   0.55
 4d 0.5   6.000-0.5326485E+01 0.9999998E+00 0.47703E+00 0.37083E+00
     r extr       0.14   0.56
 5s 0.5   2.000-0.1822590E+01 0.9974449E+00 0.20061E+01 0.59863E+01
     r extr       0.01   0.06   0.18   0.44   1.20
 6s 0.5   2.000-0.1563906E+00 0.2643723E+00 0.17808E+02 0.50176E+03
     r extr       0.01   0.06   0.18   0.44   1.04   3.35
 7s 0.5   0.000-0.3093811E-02 0.2131654E-01 0.24001E+03 0.11111E+06
     r extr       0.01   0.06   0.18   0.43   1.04   2.89  10.40
 8s 0.5   0.000 0.3002089E-02 0.5962856E-02 0.97514E+03 0.11586E+07
     r extr       0.01   0.06   0.18   0.43   1.04   2.87   9.50  38.61
 5p-0.5   2.000-0.1116922E+01 0.9886203E+00 0.25497E+01 0.10152E+02
     r extr       0.04   0.17   0.44   1.30
 5p 0.5   4.000-0.9562857E+00 0.9805641E+00 0.28970E+01 0.13201E+02
     r extr       0.05   0.18   0.47   1.38
 6p-0.5   0.000-0.5787454E-01 0.9341784E-01 0.32302E+02 0.17543E+04
     r extr       0.04   0.17   0.44   1.14   4.36
 6p 0.5   0.000-0.4851159E-01 0.6867687E-01 0.36880E+02 0.22908E+04
     r extr       0.05   0.18   0.46   1.21   4.67
 7p-0.5   0.000 0.2303572E-02 0.6750263E-03 0.93636E+03 0.10374E+07
     r extr       0.04   0.17   0.44   1.14   3.79  38.93
 7p 0.5   0.000 0.2377179E-02 0.5161463E-03 0.95140E+03 0.10605E+07
     r extr       0.05   0.18   0.46   1.21   4.07  38.61
 8p-0.5   0.000 0.1092330E-01 0.5997375E-02 0.62485E+03 0.65977E+06
     r extr       0.04   0.17   0.44   1.14   3.74  15.76  38.61
 8p 0.5   0.000 0.1158133E-01 0.4781283E-02 0.63665E+03 0.66955E+06
     r extr       0.05   0.18   0.46   1.21   4.01  16.49  38.61
 5d-0.5   0.400-0.1056503E+00 0.6659252E+00 0.94209E+01 0.19303E+03
     r extr       0.14   0.48   1.94
 5d 0.5   0.600-0.9568061E-01 0.6373354E+00 0.10154E+02 0.22592E+03
     r extr       0.14   0.48   2.00
 6d-0.5   0.000 0.4872221E-02 0.1991930E-03 0.10289E+04 0.11943E+07
     r extr       0.14   0.48   1.78  38.61
 6d 0.5   0.000 0.4876662E-02 0.2137700E-03 0.10300E+04 0.11959E+07
     r extr       0.14   0.48   1.83  38.61
 7d-0.5   0.000 0.1522243E-01 0.6693000E-02 0.53636E+03 0.52294E+06
     r extr       0.14   0.48   1.77  16.36  38.61
 7d 0.5   0.000 0.1536568E-01 0.7018354E-02 0.54416E+03 0.53146E+06
     r extr       0.14   0.48   1.82  16.59  38.61
 4f-0.5   3.000-0.3482858E+00 0.9963778E+00 0.96688E+00 0.27254E+01
     r extr       0.56
 4f 0.5   4.000-0.3203653E+00 0.9958032E+00 0.10000E+01 0.29702E+01
     r extr       0.57
 5f-0.5   0.000 0.8266113E-02 0.3951698E-06 0.11066E+04 0.13328E+07
     r extr       0.54  38.61
 5f 0.5   0.000 0.8266122E-02 0.1926445E-06 0.11066E+04 0.13328E+07
     r extr       0.54  39.10
 6f-0.5   0.000 0.2457953E-01 0.1026579E-04 0.68762E+03 0.67686E+06
     r extr       0.54  21.42  38.61
 6f 0.5   0.000 0.2457965E-01 0.1024906E-04 0.68763E+03 0.67687E+06
     r extr       0.54  21.42  38.93
 5g-0.5   0.000 0.1231635E-01 0.4353461E-06 0.11494E+04 0.14168E+07
     r extr      38.61
 5g 0.5   0.000 0.1231637E-01 0.1421169E-06 0.11494E+04 0.14168E+07
     r extr      38.61

 Gd output data for orbitals
 ---------------------------

 nl    s      occ         eigenvalue    kinetic energy      pot energy

 1s   0.5    2.0000   -1827.51254822       0.00000000   -4567.55154686
 2s   0.5    2.0000    -302.00546778       0.00000000   -1090.37304881
 2p  -0.5    2.0000    -287.07740782       0.00000000   -1089.21569799
 2p   0.5    4.0000    -261.79140708       0.00000000    -963.28793721
 3s   0.5    2.0000     -66.96945334       0.00000000    -397.43895373
 3p  -0.5    2.0000     -60.44303733       0.00000000    -392.29632859
 3p   0.5    4.0000     -55.25314558       0.00000000    -360.32313816
 3d  -0.5    4.0000     -43.89836361       0.00000000    -352.86461807
 3d   0.5    6.0000     -42.76154004       0.00000000    -344.89040551
 4s   0.5    2.0000     -13.46704599       0.00000000    -166.51103728
 4p  -0.5    2.0000     -10.91904640       0.00000000    -159.83100371
 4p   0.5    4.0000      -9.75672238       0.00000000    -148.84240857
 4d  -0.5    4.0000      -5.53759073       0.00000000    -135.05049088
 4d   0.5    6.0000      -5.32648481       0.00000000    -132.32988069
 5s   0.5    2.0000      -1.82258963       0.00000000     -64.11498495
 6s   0.5    2.0000      -0.15639064       0.00000000     -20.40176068
 7s   0.5    0.0000      -0.00309381       0.00000000      -6.00723708
 8s   0.5    0.0000       0.00300209       0.00000000      -2.84181578
 5p  -0.5    2.0000      -1.11692193       0.00000000     -56.56179073
 5p   0.5    4.0000      -0.95628574       0.00000000     -52.57410785
 6p  -0.5    0.0000      -0.05787454       0.00000000     -15.12885729
 6p   0.5    0.0000      -0.04851159       0.00000000     -14.12257697
 7p  -0.5    0.0000       0.00230357       0.00000000      -2.36222861
 7p   0.5    0.0000       0.00237718       0.00000000      -2.31931043
 8p  -0.5    0.0000       0.01092330       0.00000000      -3.80998484
 8p   0.5    0.0000       0.01158133       0.00000000      -3.70091840
 5d  -0.5    0.4000      -0.10565027       0.00000000     -30.99421063
 5d   0.5    0.6000      -0.09568061       0.00000000     -29.91291173
 6d  -0.5    0.0000       0.00487222       0.00000000      -2.14220319
 6d   0.5    0.0000       0.00487666       0.00000000      -2.13904713
 7d  -0.5    0.0000       0.01522243       0.00000000      -4.05268482
 7d   0.5    0.0000       0.01536568       0.00000000      -3.99601169
 4f  -0.5    3.0000      -0.34828583       0.00000000     -98.23350266
 4f   0.5    4.0000      -0.32036533       0.00000000     -97.02288606
 5f  -0.5    0.0000       0.00826611       0.00000000      -1.99016244
 5f   0.5    0.0000       0.00826612       0.00000000      -1.99016229
 6f  -0.5    0.0000       0.02457953       0.00000000      -2.87745993
 6f   0.5    0.0000       0.02457965       0.00000000      -2.87744133
 5g  -0.5    0.0000       0.01231635       0.00000000      -1.93091686
 5g   0.5    0.0000       0.01231637       0.00000000      -1.93091711


 total energies
 --------------

 sum of eigenvalues        =    -6942.70801502
 kinetic energy from ek    =        0.00000000
 el-ion interaction energy =   -27636.82231031
 el-el  interaction energy =     4373.77445147
 vxc    correction         =     -285.77955937
 exchange + corr energy    =     -222.81828589
 kinetic energy from ev    =    12232.34495171
 potential energy          =   -0.23485866E+05
 ---------------------------------------------
 total energy              =   -11253.52119301
 Reached end of file atom.dat
