 U  all electron calculation  
 ---------------------------

 correlation = VWN          non spin-polarized

 nuclear charge             = 92.000000
 number of core orbitals    = 10
 number of valence orbitals = 18
 electronic charge          = 92.000000
 ionic charge               =  0.000000


 input data for orbitals

  i    n    l    s     j     occ

  1    1    0   0.0   0.0    2.0000
  2    2    0   0.0   0.0    2.0000
  3    2    1   0.0   0.0    6.0000
  4    3    0   0.0   0.0    2.0000
  5    3    1   0.0   0.0    6.0000
  6    3    2   0.0   0.0   10.0000
  7    4    0   0.0   0.0    2.0000
  8    4    1   0.0   0.0    6.0000
  9    4    2   0.0   0.0   10.0000
 10    4    3   0.0   0.0   14.0000
 11    5    0   0.0   0.0    2.0000
 12    6    0   0.0   0.0    2.0000
 13    7    0   0.0   0.0    2.0000
 14    8    0   0.0   0.0    0.0000
 15    9    0   0.0   0.0    0.0000
 16    5    1   0.0   0.0    6.0000
 17    6    1   0.0   0.0    6.0000
 18    7    1   0.0   0.0    0.0000
 19    8    1   0.0   0.0    0.0000
 20    9    1   0.0   0.0    0.0000
 21    5    2   0.0   0.0   10.0000
 22    6    2   0.0   0.0    1.0000
 23    7    2   0.0   0.0    0.0000
 24    8    2   0.0   0.0    0.0000
 25    5    3   0.0   0.0    3.0000
 26    6    3   0.0   0.0    0.0000
 27    7    3   0.0   0.0    0.0000
 28    5    4   0.0   0.0    0.0000


 radial grid parameters

 r(1) = .0 , r(2) =0.304909E-07 , ... , r(1946) = 39.87773160
 a =  8.00072660  b =120.00000000


 warning *** charge density rescaled in velect
 iteration number   1   scaling factor =  1.00    

 iter =    1 dvmax = 0.420E+00 xmixo =0.218E+00
 iter =    2 dvmax = 0.329E+00 xmixo =0.218E+00
 iter =    3 dvmax = 0.246E+00 xmixo =0.218E+00
 iter =    4 dvmax = 0.179E+00 xmixo =0.218E+00
 iorb = 15 iter =  5 ev = -0.1372107414E+02 nodes = 7
 iorb = 15 iter =  5 ev = -0.1509318155E+02 nodes =20
 iorb = 27 iter =  5 ev = -0.1512285510E+02 nodes =15
 iorb = 27 iter =  5 ev = -0.1361056959E+02 nodes = 2
 iter =    5 dvmax = 0.128E+00 xmixo =0.218E+00
 iorb = 24 iter =  6 ev = -0.1368498898E+02 nodes = 4
 iorb = 24 iter =  6 ev = -0.1505348788E+02 nodes =17
 iter =    6 dvmax = 0.904E-01 xmixo =0.218E+00
 iorb = 15 iter =  7 ev = -0.1500444662E+02 nodes = 8
 iorb = 15 iter =  7 ev = -0.1500486232E+02 nodes = 8
 iorb = 24 iter =  7 ev = -0.1511662046E+02 nodes =16
 iorb = 24 iter =  7 ev = -0.1360495841E+02 nodes = 4
 iter =    7 dvmax = 0.631E-01 xmixo =0.218E+00
 iorb = 24 iter =  8 ev = -0.1366201603E+02 nodes = 3
 iorb = 24 iter =  8 ev = -0.1502821763E+02 nodes =17
 iter =    8 dvmax = 0.441E-01 xmixo =0.218E+00
 iorb = 24 iter =  9 ev = -0.1509124423E+02 nodes =16
 iorb = 24 iter =  9 ev = -0.1358211980E+02 nodes = 4
 iter =    9 dvmax = 0.310E-01 xmixo =0.218E+00
 iorb = 24 iter = 10 ev = -0.1363908164E+02 nodes = 3
 iorb = 24 iter = 10 ev = -0.1500298980E+02 nodes =17
 iter =   10 dvmax = 0.222E-01 xmixo =0.218E+00
 iorb = 24 iter = 11 ev = -0.1506591059E+02 nodes =17
 iorb = 24 iter = 11 ev = -0.1355931953E+02 nodes = 4
 iter =   11 dvmax = 0.160E-01 xmixo =0.218E+00
 iter =   12 dvmax = 0.117E-01 xmixo =0.218E+00
 iter =   13 dvmax = 0.865E-02 xmixo =0.218E+00
 iter =   14 dvmax = 0.643E-02 xmixo =0.218E+00
 iter =   15 dvmax = 0.480E-02 xmixo =0.218E+00
 iter =   16 dvmax = 0.361E-02 xmixo =0.218E+00
 iter =   17 dvmax = 0.272E-02 xmixo =0.218E+00
 iter =   18 dvmax = 0.206E-02 xmixo =0.218E+00
 iter =   19 dvmax = 0.156E-02 xmixo =0.218E+00
 iter =   20 dvmax = 0.119E-02 xmixo =0.218E+00
 iter =   21 dvmax = 0.904E-03 xmixo =0.218E+00
 iter =   22 dvmax = 0.689E-03 xmixo =0.218E+00
 iter =   23 dvmax = 0.526E-03 xmixo =0.218E+00
 iter =   24 dvmax = 0.402E-03 xmixo =0.218E+00
 iter =   25 dvmax = 0.308E-03 xmixo =0.218E+00
 iter =   26 dvmax = 0.236E-03 xmixo =0.218E+00
 iter =   27 dvmax = 0.181E-03 xmixo =0.218E+00
 iter =   28 dvmax = 0.139E-03 xmixo =0.218E+00
 iter =   29 dvmax = 0.106E-03 xmixo =0.218E+00
 Switching from LDA to the requested functional
 iter =   30 dvmax = 0.386E-04 xmixo =0.218E+00
 iter =   31 dvmax = 0.304E-04 xmixo =0.218E+00
 iter =   32 dvmax = 0.238E-04 xmixo =0.218E+00
 iter =   33 dvmax = 0.186E-04 xmixo =0.218E+00
 iter =   34 dvmax = 0.145E-04 xmixo =0.218E+00
 iter =   35 dvmax = 0.113E-04 xmixo =0.218E+00
 iter =   36 dvmax = 0.878E-05 xmixo =0.218E+00
 iter =   37 dvmax = 0.681E-05 xmixo =0.218E+00
 iter =   38 dvmax = 0.528E-05 xmixo =0.218E+00
 iter =   39 dvmax = 0.409E-05 xmixo =0.218E+00
 iter =   40 dvmax = 0.317E-05 xmixo =0.218E+00
 iter =   41 dvmax = 0.245E-05 xmixo =0.218E+00
 iter =   42 dvmax = 0.189E-05 xmixo =0.218E+00
 iter =   43 dvmax = 0.146E-05 xmixo =0.218E+00
 iter =   44 dvmax = 0.113E-05 xmixo =0.218E+00
 iter =   45 dvmax = 0.874E-06 xmixo =0.218E+00
 iter =   46 dvmax = 0.675E-06 xmixo =0.218E+00
 iter =   47 dvmax = 0.521E-06 xmixo =0.218E+00
 iter =   48 dvmax = 0.403E-06 xmixo =0.218E+00
 iter =   49 dvmax = 0.311E-06 xmixo =0.218E+00
 iter =   50 dvmax = 0.240E-06 xmixo =0.218E+00
 iter =   51 dvmax = 0.185E-06 xmixo =0.218E+00
 iter =   52 dvmax = 0.143E-06 xmixo =0.218E+00
 iter =   53 dvmax = 0.110E-06 xmixo =0.218E+00
 iter =   54 dvmax = 0.853E-07 xmixo =0.218E+00
 iter =   55 dvmax = 0.658E-07 xmixo =0.218E+00
 iter =   56 dvmax = 0.508E-07 xmixo =0.218E+00
 iter =   57 dvmax = 0.392E-07 xmixo =0.218E+00
 iter =   58 dvmax = 0.303E-07 xmixo =0.218E+00
 iter =   59 dvmax = 0.234E-07 xmixo =0.218E+00
 iter =   60 dvmax = 0.180E-07 xmixo =0.218E+00
 iter =   61 dvmax = 0.139E-07 xmixo =0.218E+00
 iter =   62 dvmax = 0.110E-07 xmixo =0.218E+00
 iter =   63 dvmax = 0.896E-08 xmixo =0.218E+00
 iter =   64 dvmax = 0.729E-08 xmixo =0.218E+00
 iter =   65 dvmax = 0.592E-08 xmixo =0.218E+00
 iter =   66 dvmax = 0.481E-08 xmixo =0.218E+00
 iter =   67 dvmax = 0.390E-08 xmixo =0.218E+00
 iter =   68 dvmax = 0.316E-08 xmixo =0.218E+00
 iter =   69 dvmax = 0.256E-08 xmixo =0.218E+00
 iter =   70 dvmax = 0.207E-08 xmixo =0.218E+00
 iter =   71 dvmax = 0.168E-08 xmixo =0.218E+00
 iter =   72 dvmax = 0.136E-08 xmixo =0.218E+00
 iter =   73 dvmax = 0.110E-08 xmixo =0.218E+00
 iter =   74 dvmax = 0.885E-09 xmixo =0.218E+00
 iter =   75 dvmax = 0.714E-09 xmixo =0.218E+00
 iter =   76 dvmax = 0.576E-09 xmixo =0.218E+00
 iter =   77 dvmax = 0.465E-09 xmixo =0.218E+00
 iter =   78 dvmax = 0.375E-09 xmixo =0.218E+00
 iter =   79 dvmax = 0.302E-09 xmixo =0.218E+00
 iter =   80 dvmax = 0.243E-09 xmixo =0.218E+00
 iter =   81 dvmax = 0.196E-09 xmixo =0.218E+00
 iter =   82 dvmax = 0.158E-09 xmixo =0.218E+00
 iter =   83 dvmax = 0.127E-09 xmixo =0.218E+00
 iter =   84 dvmax = 0.102E-09 xmixo =0.218E+00
 iter =   85 dvmax = 0.820E-10 xmixo =0.218E+00
 iter =   86 dvmax = 0.659E-10 xmixo =0.218E+00
 iter =   87 dvmax = 0.530E-10 xmixo =0.218E+00
 iter =   88 dvmax = 0.425E-10 xmixo =0.218E+00
 iter =   89 dvmax = 0.342E-10 xmixo =0.218E+00
 iter =   90 dvmax = 0.274E-10 xmixo =0.218E+00
 iter =   91 dvmax = 0.220E-10 xmixo =0.218E+00
 iter =   92 dvmax = 0.177E-10 xmixo =0.218E+00
 iter =   93 dvmax = 0.142E-10 xmixo =0.218E+00
 iter =   94 dvmax = 0.114E-10 xmixo =0.218E+00
 iter =   95 dvmax = 0.911E-11 xmixo =0.218E+00
 warning: ircov > ninf ! (ircov set to ninf)

 rcov         =    2.6800000000000002     
 charge(rcov) = int_0^rcov psi^2 r^2 dr
 dcharge      = int_0^infinity psi^2 r^4 dr
 ddcharge     = int_0^infinity psi^2 r^6 dr

 nl   s    occ    eigenvalue   charge(rcov)    dcharge    ddcharge
 1s 0.0   2.000-0.3689355E+04 0.1000000E+01 0.36119E-03 0.32833E-06
     r extr       0.01
 2s 0.0   2.000-0.6397787E+03 0.1000000E+01 0.55464E-02 0.51380E-04
     r extr       0.01   0.06
 2p 0.0   6.000-0.6191085E+03 0.1000000E+01 0.40708E-02 0.31826E-04
     r extr       0.05
 3s 0.0   2.000-0.1611181E+03 0.1000000E+01 0.33438E-01 0.16543E-02
     r extr       0.01   0.05   0.16
 3p 0.0   6.000-0.1509790E+03 0.1000000E+01 0.30495E-01 0.14343E-02
     r extr       0.03   0.15
 3d 0.0  10.000-0.1319774E+03 0.1000000E+01 0.23069E-01 0.91576E-03
     r extr       0.12
 4s 0.0   2.000-0.4052808E+02 0.1000000E+01 0.15067E+00 0.32178E-01
     r extr       0.01   0.05   0.13   0.35
 4p 0.0   6.000-0.3585332E+02 0.1000000E+01 0.15121E+00 0.33103E-01
     r extr       0.03   0.12   0.35
 4d 0.0  10.000-0.2712321E+02 0.1000000E+01 0.15018E+00 0.34495E-01
     r extr       0.09   0.33
 4f 0.0  14.000-0.1502746E+02 0.1000000E+01 0.14197E+00 0.35582E-01
     r extr       0.28
 5s 0.0   2.000-0.8824089E+01 0.9999995E+00 0.63866E+00 0.57081E+00
     r extr       0.01   0.05   0.13   0.30   0.72
 6s 0.0   2.000-0.1325976E+01 0.9520758E+00 0.31753E+01 0.14530E+02
     r extr       0.01   0.05   0.13   0.29   0.62   1.54
 7s 0.0   2.000-0.1309479E+00 0.7216409E-01 0.24211E+02 0.89470E+03
     r extr       0.01   0.05   0.13   0.29   0.61   1.35   4.00
 8s 0.0   0.000-0.3238872E-02 0.7999482E-02 0.25903E+03 0.12213E+06
     r extr       0.01   0.05   0.13   0.29   0.61   1.33   3.44  11.33
 9s 0.0   0.000 0.3200126E-02 0.2319627E-02 0.97225E+03 0.11575E+07
     r extr       0.01   0.05   0.13   0.29   0.61   1.33   3.43  10.34  38.57
 5p 0.0   6.000-0.7018092E+01 0.9999974E+00 0.69816E+00 0.69467E+00
     r extr       0.03   0.12   0.29   0.74
 6p 0.0   6.000-0.8225379E+00 0.8866209E+00 0.40651E+01 0.24777E+02
     r extr       0.03   0.12   0.28   0.64   1.69
 7p 0.0   0.000-0.5457320E-01 0.3491274E-01 0.40783E+02 0.26511E+04
     r extr       0.03   0.12   0.28   0.63   1.49   5.07
 8p 0.0   0.000 0.2211826E-02 0.4027247E-03 0.91389E+03 0.10034E+07
     r extr       0.03   0.12   0.28   0.63   1.48   4.40  38.57
 9p 0.0   0.000 0.1063233E-01 0.2912853E-02 0.63557E+03 0.67696E+06
     r extr       0.03   0.12   0.28   0.63   1.48   4.34  15.75  38.57
 5d 0.0  10.000-0.3866175E+01 0.9999243E+00 0.87762E+00 0.11585E+01
     r extr       0.09   0.28   0.80
 6d 0.0   1.000-0.1431902E+00 0.4777330E+00 0.10393E+02 0.20183E+03
     r extr       0.09   0.27   0.69   2.29
 7d 0.0   0.000 0.4679919E-02 0.5885555E-03 0.97335E+03 0.11108E+07
     r extr       0.09   0.27   0.69   2.08  38.57
 8d 0.0   0.000 0.1206442E-01 0.1085500E-01 0.45691E+03 0.44951E+06
     r extr       0.09   0.27   0.69   2.07  11.40  38.57
 5f 0.0   3.000-0.3665433E+00 0.9691431E+00 0.20719E+01 0.89854E+01
     r extr       0.23   1.00
 6f 0.0   0.000 0.8256764E-02 0.2494224E-06 0.10904E+04 0.13088E+07
     r extr       0.23   0.94  38.57
 7f 0.0   0.000 0.2387424E-01 0.2512072E-04 0.65036E+03 0.63078E+06
     r extr       0.23   0.93  20.84  38.57
 5g 0.0   0.000 0.1233360E-01 0.2492352E-09 0.11339E+04 0.13943E+07
     r extr      38.57

 U  output data for orbitals
 ---------------------------

 nl    s      occ         eigenvalue    kinetic energy      pot energy

 1s   0.0    2.0000   -3689.35513731    4176.94342034   -8408.71399728
 2s   0.0    2.0000    -639.77872644     939.00345160   -1993.83290319
 2p   0.0    6.0000    -619.10854838     944.16319092   -1998.58767134
 3s   0.0    2.0000    -161.11807220     325.88563302    -784.71345241
 3p   0.0    6.0000    -150.97897910     324.63921787    -781.73894790
 3d   0.0   10.0000    -131.97735711     322.01502832    -777.33523339
 4s   0.0    2.0000     -40.52808369     116.25658816    -354.95669264
 4p   0.0    6.0000     -35.85332027     112.89994890    -348.07316358
 4d   0.0   10.0000     -27.12321171     105.80910527    -334.29761523
 4f   0.0   14.0000     -15.02745948      93.77900305    -312.44887625
 5s   0.0    2.0000      -8.82408924      37.16530029    -164.80179718
 6s   0.0    2.0000      -1.32597627       8.56908319     -70.48784752
 7s   0.0    2.0000      -0.13094785       1.05162996     -24.60807285
 8s   0.0    0.0000      -0.00323887       0.12721023      -8.10727790
 9s   0.0    0.0000       0.00320013       0.04000420      -3.98145307
 5p   0.0    6.0000      -7.01809204      34.07010204    -156.55244720
 6p   0.0    6.0000      -0.82253793       6.70621390     -62.15350020
 7p   0.0    0.0000      -0.05457320       0.59433172     -18.91568650
 8p   0.0    0.0000       0.00221183       0.00965466      -3.45674213
 9p   0.0    0.0000       0.01063233       0.06379121      -5.40818512
 5d   0.0   10.0000      -3.86617498      27.26985388    -137.91167632
 6d   0.0    1.0000      -0.14319016       2.74074170     -40.04769930
 7d   0.0    0.0000       0.00467992       0.00938499      -3.29716209
 8d   0.0    0.0000       0.01206442       0.09964053      -7.05329401
 5f   0.0    3.0000      -0.36654325      13.34073736     -93.18980013
 6f   0.0    0.0000       0.00825676       0.00775492      -2.86789217
 7f   0.0    0.0000       0.02387424       0.02569118      -4.34050608
 5g   0.0    0.0000       0.01233360       0.01148330      -2.77525543


 total energies
 --------------

 sum of eigenvalues        =   -15806.10562293
 kinetic energy from ek    =    25651.23112597
 el-ion interaction energy =   -60876.21052412
 el-el  interaction energy =     9991.59425387
 vxc    correction         =     -564.31460410
 exchange + corr energy    =     -425.03263033
 kinetic energy from ev    =    25651.23099755
 potential energy          =   -0.51309649E+05
 ---------------------------------------------
 total energy              =   -25658.41790303
 Reached end of file atom.dat
